This is pdfTeX, Version 3.14159265-2.6-1.40.19 (MiKTeX 2.9.6745 64-bit) (preloaded format=pdflatex 2018.7.12)  12 JUL 2018 19:48
entering extended mode
**./Pairs_Trading_WAIAF.tex
(Pairs_Trading_WAIAF.tex
LaTeX2e <2018-04-01> patch level 5
("C:\Users\ITA\AppData\Local\Programs\MiKTeX 2.9\tex\latex\base\article.cls"
Document Class: article 2014/09/29 v1.4h Standard LaTeX document class
("C:\Users\ITA\AppData\Local\Programs\MiKTeX 2.9\tex\latex\base\size10.clo"
File: size10.clo 2014/09/29 v1.4h Standard LaTeX file (size option)
)
\c@part=\count80
\c@section=\count81
\c@subsection=\count82
\c@subsubsection=\count83
\c@paragraph=\count84
\c@subparagraph=\count85
\c@figure=\count86
\c@table=\count87
\abovecaptionskip=\skip41
\belowcaptionskip=\skip42
\bibindent=\dimen102
)
("C:\Users\ITA\AppData\Local\Programs\MiKTeX 2.9\tex\latex\base\inputenc.sty"
Package: inputenc 2018/04/06 v1.3b Input encoding file
\inpenc@prehook=\toks14
\inpenc@posthook=\toks15
)
("C:\Users\ITA\AppData\Local\Programs\MiKTeX 2.9\tex\latex\tools\indentfirst.st
y"
Package: indentfirst 1995/11/23 v1.03 Indent first paragraph (DPC)
) ("C:\Users\ITA\AppData\Local\Programs\MiKTeX 2.9\tex\latex\psnfss\times.sty"
Package: times 2005/04/12 PSNFSS-v9.2a (SPQR) 
) ("C:\Users\ITA\AppData\Local\Programs\MiKTeX 2.9\tex\latex\base\fontenc.sty"
Package: fontenc 2017/04/05 v2.0i Standard LaTeX package
("C:\Users\ITA\AppData\Local\Programs\MiKTeX 2.9\tex\latex\base\t1enc.def"
File: t1enc.def 2017/04/05 v2.0i Standard LaTeX file
LaTeX Font Info:    Redeclaring font encoding T1 on input line 48.
))
("C:\Users\ITA\AppData\Local\Programs\MiKTeX 2.9\tex\latex\preprint\authblk.sty
"
Package: authblk 2001/02/27 1.3 (PWD)
\affilsep=\skip43
\@affilsep=\skip44
\c@Maxaffil=\count88
\c@authors=\count89
\c@affil=\count90
)
("C:\Users\ITA\AppData\Local\Programs\MiKTeX 2.9\tex\latex\amsfonts\amssymb.sty
"
Package: amssymb 2013/01/14 v3.01 AMS font symbols

("C:\Users\ITA\AppData\Local\Programs\MiKTeX 2.9\tex\latex\amsfonts\amsfonts.st
y"
Package: amsfonts 2013/01/14 v3.01 Basic AMSFonts support
\@emptytoks=\toks16
\symAMSa=\mathgroup4
\symAMSb=\mathgroup5
LaTeX Font Info:    Overwriting math alphabet `\mathfrak' in version `bold'
(Font)                  U/euf/m/n --> U/euf/b/n on input line 106.
))
("C:\Users\ITA\AppData\Local\Programs\MiKTeX 2.9\tex\latex\amsmath\amsmath.sty"
Package: amsmath 2017/09/02 v2.17a AMS math features
\@mathmargin=\skip45
For additional information on amsmath, use the `?' option.
("C:\Users\ITA\AppData\Local\Programs\MiKTeX 2.9\tex\latex\amsmath\amstext.sty"
Package: amstext 2000/06/29 v2.01 AMS text
("C:\Users\ITA\AppData\Local\Programs\MiKTeX 2.9\tex\latex\amsmath\amsgen.sty"
File: amsgen.sty 1999/11/30 v2.0 generic functions
\@emptytoks=\toks17
\ex@=\dimen103
)) ("C:\Users\ITA\AppData\Local\Programs\MiKTeX 2.9\tex\latex\amsmath\amsbsy.st
y"
Package: amsbsy 1999/11/29 v1.2d Bold Symbols
\pmbraise@=\dimen104
) ("C:\Users\ITA\AppData\Local\Programs\MiKTeX 2.9\tex\latex\amsmath\amsopn.sty
"
Package: amsopn 2016/03/08 v2.02 operator names
)
\inf@bad=\count91
LaTeX Info: Redefining \frac on input line 213.
\uproot@=\count92
\leftroot@=\count93
LaTeX Info: Redefining \overline on input line 375.
\classnum@=\count94
\DOTSCASE@=\count95
LaTeX Info: Redefining \ldots on input line 472.
LaTeX Info: Redefining \dots on input line 475.
LaTeX Info: Redefining \cdots on input line 596.
\Mathstrutbox@=\box26
\strutbox@=\box27
\big@size=\dimen105
LaTeX Font Info:    Redeclaring font encoding OML on input line 712.
LaTeX Font Info:    Redeclaring font encoding OMS on input line 713.
\macc@depth=\count96
\c@MaxMatrixCols=\count97
\dotsspace@=\muskip10
\c@parentequation=\count98
\dspbrk@lvl=\count99
\tag@help=\toks18
\row@=\count100
\column@=\count101
\maxfields@=\count102
\andhelp@=\toks19
\eqnshift@=\dimen106
\alignsep@=\dimen107
\tagshift@=\dimen108
\tagwidth@=\dimen109
\totwidth@=\dimen110
\lineht@=\dimen111
\@envbody=\toks20
\multlinegap=\skip46
\multlinetaggap=\skip47
\mathdisplay@stack=\toks21
LaTeX Info: Redefining \[ on input line 2817.
LaTeX Info: Redefining \] on input line 2818.
)
("C:\Users\ITA\AppData\Local\Programs\MiKTeX 2.9\tex\latex\amscls\amsthm.sty"
Package: amsthm 2017/10/31 v2.20.4
\thm@style=\toks22
\thm@bodyfont=\toks23
\thm@headfont=\toks24
\thm@notefont=\toks25
\thm@headpunct=\toks26
\thm@preskip=\skip48
\thm@postskip=\skip49
\thm@headsep=\skip50
\dth@everypar=\toks27
)
("C:\Users\ITA\AppData\Local\Programs\MiKTeX 2.9\tex\latex\ms\ragged2e.sty"
Package: ragged2e 2009/05/21 v2.1 ragged2e Package (MS)

("C:\Users\ITA\AppData\Local\Programs\MiKTeX 2.9\tex\latex\ms\everysel.sty"
Package: everysel 2011/10/28 v1.2 EverySelectfont Package (MS)
)
\CenteringLeftskip=\skip51
\RaggedLeftLeftskip=\skip52
\RaggedRightLeftskip=\skip53
\CenteringRightskip=\skip54
\RaggedLeftRightskip=\skip55
\RaggedRightRightskip=\skip56
\CenteringParfillskip=\skip57
\RaggedLeftParfillskip=\skip58
\RaggedRightParfillskip=\skip59
\JustifyingParfillskip=\skip60
\CenteringParindent=\skip61
\RaggedLeftParindent=\skip62
\RaggedRightParindent=\skip63
\JustifyingParindent=\skip64
)
("C:\Users\ITA\AppData\Local\Programs\MiKTeX 2.9\tex\latex\setspace\setspace.st
y"
Package: setspace 2011/12/19 v6.7a set line spacing
) ("C:\Users\ITA\AppData\Local\Programs\MiKTeX 2.9\tex\latex\lipsum\lipsum.sty"
Package: lipsum 2014/07/27 v1.3 150 paragraphs of Lorem Ipsum dummy text
\c@lips@count=\count103
)
("C:\Users\ITA\AppData\Local\Programs\MiKTeX 2.9\tex\latex\graphics\color.sty"
Package: color 2016/07/10 v1.1e Standard LaTeX Color (DPC)

("C:\Users\ITA\AppData\Local\Programs\MiKTeX 2.9\tex\latex\graphics-cfg\color.c
fg"
File: color.cfg 2016/01/02 v1.6 sample color configuration
)
Package color Info: Driver file: pdftex.def on input line 147.

("C:\Users\ITA\AppData\Local\Programs\MiKTeX 2.9\tex\latex\graphics-def\pdftex.
def"
File: pdftex.def 2018/01/08 v1.0l Graphics/color driver for pdftex
))
("C:\Users\ITA\AppData\Local\Programs\MiKTeX 2.9\tex\latex\graphics\graphicx.st
y"
Package: graphicx 2017/06/01 v1.1a Enhanced LaTeX Graphics (DPC,SPQR)

("C:\Users\ITA\AppData\Local\Programs\MiKTeX 2.9\tex\latex\graphics\keyval.sty"
Package: keyval 2014/10/28 v1.15 key=value parser (DPC)
\KV@toks@=\toks28
)
("C:\Users\ITA\AppData\Local\Programs\MiKTeX 2.9\tex\latex\graphics\graphics.st
y"
Package: graphics 2017/06/25 v1.2c Standard LaTeX Graphics (DPC,SPQR)
 ("C:\Users\ITA\AppData\Local\Programs\MiKTeX 2.9\tex\latex\graphics\trig.sty"
Package: trig 2016/01/03 v1.10 sin cos tan (DPC)
)
("C:\Users\ITA\AppData\Local\Programs\MiKTeX 2.9\tex\latex\graphics-cfg\graphic
s.cfg"
File: graphics.cfg 2016/06/04 v1.11 sample graphics configuration
)
Package graphics Info: Driver file: pdftex.def on input line 99.
)
\Gin@req@height=\dimen112
\Gin@req@width=\dimen113
)
("C:\Users\ITA\AppData\Local\Programs\MiKTeX 2.9\tex\latex\adjustbox\adjustbox.
sty"
Package: adjustbox 2018/04/08 v1.1 Adjusting TeX boxes (trim, clip, ...)

("C:\Users\ITA\AppData\Local\Programs\MiKTeX 2.9\tex\latex\xkeyval\xkeyval.sty"
Package: xkeyval 2014/12/03 v2.7a package option processing (HA)

("C:\Users\ITA\AppData\Local\Programs\MiKTeX 2.9\tex\generic\xkeyval\xkeyval.te
x"
("C:\Users\ITA\AppData\Local\Programs\MiKTeX 2.9\tex\generic\xkeyval\xkvutils.t
ex"
\XKV@toks=\toks29
\XKV@tempa@toks=\toks30
)
\XKV@depth=\count104
File: xkeyval.tex 2014/12/03 v2.7a key=value parser (HA)
))
("C:\Users\ITA\AppData\Local\Programs\MiKTeX 2.9\tex\latex\adjustbox\adjcalc.st
y"
Package: adjcalc 2012/05/16 v1.1 Provides advanced setlength with multiple back
-ends (calc, etex, pgfmath)
)
("C:\Users\ITA\AppData\Local\Programs\MiKTeX 2.9\tex\latex\adjustbox\trimclip.s
ty"
Package: trimclip 2018/04/08 v1.1 Trim and clip general TeX material

("C:\Users\ITA\AppData\Local\Programs\MiKTeX 2.9\tex\latex\collectbox\collectbo
x.sty"
Package: collectbox 2012/05/17 v0.4b Collect macro arguments as boxes
\collectedbox=\box28
)
\tc@llx=\dimen114
\tc@lly=\dimen115
\tc@urx=\dimen116
\tc@ury=\dimen117
Package trimclip Info: Using driver 'tc-pdftex.def'.

("C:\Users\ITA\AppData\Local\Programs\MiKTeX 2.9\tex\latex\adjustbox\tc-pdftex.
def"
File: tc-pdftex.def 2018/04/08 v2.1 Clipping driver for pdftex
))
\adjbox@Width=\dimen118
\adjbox@Height=\dimen119
\adjbox@Depth=\dimen120
\adjbox@Totalheight=\dimen121
\adjbox@pwidth=\dimen122
\adjbox@pheight=\dimen123
\adjbox@pdepth=\dimen124
\adjbox@ptotalheight=\dimen125

("C:\Users\ITA\AppData\Local\Programs\MiKTeX 2.9\tex\latex\ifoddpage\ifoddpage.
sty"
Package: ifoddpage 2016/04/23 v1.1 Conditionals for odd/even page detection
\c@checkoddpage=\count105
)
("C:\Users\ITA\AppData\Local\Programs\MiKTeX 2.9\tex\latex\varwidth\varwidth.st
y"
Package: varwidth 2009/03/30 ver 0.92;  Variable-width minipages
\@vwid@box=\box29
\sift@deathcycles=\count106
\@vwid@loff=\dimen126
\@vwid@roff=\dimen127
)) ("C:\Users\ITA\AppData\Local\Programs\MiKTeX 2.9\tex\latex\lm\lmodern.sty"
Package: lmodern 2009/10/30 v1.6 Latin Modern Fonts
LaTeX Font Info:    Overwriting symbol font `operators' in version `normal'
(Font)                  OT1/cmr/m/n --> OT1/lmr/m/n on input line 22.
LaTeX Font Info:    Overwriting symbol font `letters' in version `normal'
(Font)                  OML/cmm/m/it --> OML/lmm/m/it on input line 23.
LaTeX Font Info:    Overwriting symbol font `symbols' in version `normal'
(Font)                  OMS/cmsy/m/n --> OMS/lmsy/m/n on input line 24.
LaTeX Font Info:    Overwriting symbol font `largesymbols' in version `normal'
(Font)                  OMX/cmex/m/n --> OMX/lmex/m/n on input line 25.
LaTeX Font Info:    Overwriting symbol font `operators' in version `bold'
(Font)                  OT1/cmr/bx/n --> OT1/lmr/bx/n on input line 26.
LaTeX Font Info:    Overwriting symbol font `letters' in version `bold'
(Font)                  OML/cmm/b/it --> OML/lmm/b/it on input line 27.
LaTeX Font Info:    Overwriting symbol font `symbols' in version `bold'
(Font)                  OMS/cmsy/b/n --> OMS/lmsy/b/n on input line 28.
LaTeX Font Info:    Overwriting symbol font `largesymbols' in version `bold'
(Font)                  OMX/cmex/m/n --> OMX/lmex/m/n on input line 29.
LaTeX Font Info:    Overwriting math alphabet `\mathbf' in version `normal'
(Font)                  OT1/cmr/bx/n --> OT1/lmr/bx/n on input line 31.
LaTeX Font Info:    Overwriting math alphabet `\mathsf' in version `normal'
(Font)                  OT1/cmss/m/n --> OT1/lmss/m/n on input line 32.
LaTeX Font Info:    Overwriting math alphabet `\mathit' in version `normal'
(Font)                  OT1/cmr/m/it --> OT1/lmr/m/it on input line 33.
LaTeX Font Info:    Overwriting math alphabet `\mathtt' in version `normal'
(Font)                  OT1/cmtt/m/n --> OT1/lmtt/m/n on input line 34.
LaTeX Font Info:    Overwriting math alphabet `\mathbf' in version `bold'
(Font)                  OT1/cmr/bx/n --> OT1/lmr/bx/n on input line 35.
LaTeX Font Info:    Overwriting math alphabet `\mathsf' in version `bold'
(Font)                  OT1/cmss/bx/n --> OT1/lmss/bx/n on input line 36.
LaTeX Font Info:    Overwriting math alphabet `\mathit' in version `bold'
(Font)                  OT1/cmr/bx/it --> OT1/lmr/bx/it on input line 37.
LaTeX Font Info:    Overwriting math alphabet `\mathtt' in version `bold'
(Font)                  OT1/cmtt/m/n --> OT1/lmtt/m/n on input line 38.
) ("C:\Users\ITA\AppData\Local\Programs\MiKTeX 2.9\tex\latex\caption\caption.st
y"
Package: caption 2018/05/01 v3.3-147 Customizing captions (AR)

("C:\Users\ITA\AppData\Local\Programs\MiKTeX 2.9\tex\latex\caption\caption3.sty
"
Package: caption3 2018/05/27 v1.8a caption3 kernel (AR)
Package caption3 Info: TeX engine: e-TeX on input line 64.
\captionmargin=\dimen128
\captionmargin@=\dimen129
\captionwidth=\dimen130
\caption@tempdima=\dimen131
\caption@indent=\dimen132
\caption@parindent=\dimen133
\caption@hangindent=\dimen134
)
\c@ContinuedFloat=\count107
)
("C:\Users\ITA\AppData\Local\Programs\MiKTeX 2.9\tex\latex\booktabs\booktabs.st
y"
Package: booktabs 2005/04/14 v1.61803 publication quality tables
\heavyrulewidth=\dimen135
\lightrulewidth=\dimen136
\cmidrulewidth=\dimen137
\belowrulesep=\dimen138
\belowbottomsep=\dimen139
\aboverulesep=\dimen140
\abovetopsep=\dimen141
\cmidrulesep=\dimen142
\cmidrulekern=\dimen143
\defaultaddspace=\dimen144
\@cmidla=\count108
\@cmidlb=\count109
\@aboverulesep=\dimen145
\@belowrulesep=\dimen146
\@thisruleclass=\count110
\@lastruleclass=\count111
\@thisrulewidth=\dimen147
) ("C:\Users\ITA\AppData\Local\Programs\MiKTeX 2.9\tex\latex\tools\array.sty"
Package: array 2018/04/30 v2.4h Tabular extension package (FMi)
\col@sep=\dimen148
\ar@mcellbox=\box30
\extrarowheight=\dimen149
\NC@list=\toks31
\extratabsurround=\skip65
\backup@length=\skip66
\ar@cellbox=\box31
)
("C:\Users\ITA\AppData\Local\Programs\MiKTeX 2.9\tex\latex\oberdiek\epstopdf.st
y"
Package: epstopdf 2016/05/15 v2.6 Conversion with epstopdf on the fly (HO)

("C:\Users\ITA\AppData\Local\Programs\MiKTeX 2.9\tex\latex\oberdiek\epstopdf-ba
se.sty"
Package: epstopdf-base 2016/05/15 v2.6 Base part for package epstopdf

("C:\Users\ITA\AppData\Local\Programs\MiKTeX 2.9\tex\generic\oberdiek\infwarerr
.sty"
Package: infwarerr 2016/05/16 v1.4 Providing info/warning/error messages (HO)
)
("C:\Users\ITA\AppData\Local\Programs\MiKTeX 2.9\tex\latex\oberdiek\grfext.sty"
Package: grfext 2016/05/16 v1.2 Manage graphics extensions (HO)

("C:\Users\ITA\AppData\Local\Programs\MiKTeX 2.9\tex\generic\oberdiek\kvdefinek
eys.sty"
Package: kvdefinekeys 2016/05/16 v1.4 Define keys (HO)

("C:\Users\ITA\AppData\Local\Programs\MiKTeX 2.9\tex\generic\oberdiek\ltxcmds.s
ty"
Package: ltxcmds 2016/05/16 v1.23 LaTeX kernel commands for general use (HO)
)))
("C:\Users\ITA\AppData\Local\Programs\MiKTeX 2.9\tex\latex\oberdiek\kvoptions.s
ty"
Package: kvoptions 2016/05/16 v3.12 Key value format for package options (HO)

("C:\Users\ITA\AppData\Local\Programs\MiKTeX 2.9\tex\generic\oberdiek\kvsetkeys
.sty"
Package: kvsetkeys 2016/05/16 v1.17 Key value parser (HO)

("C:\Users\ITA\AppData\Local\Programs\MiKTeX 2.9\tex\generic\oberdiek\etexcmds.
sty"
Package: etexcmds 2016/05/16 v1.6 Avoid name clashes with e-TeX commands (HO)

("C:\Users\ITA\AppData\Local\Programs\MiKTeX 2.9\tex\generic\oberdiek\ifluatex.
sty"
Package: ifluatex 2016/05/16 v1.4 Provides the ifluatex switch (HO)
Package ifluatex Info: LuaTeX not detected.
)
Package etexcmds Info: Could not find \expanded.
(etexcmds)             That can mean that you are not using pdfTeX 1.50 or
(etexcmds)             that some package has redefined \expanded.
(etexcmds)             In the latter case, load this package earlier.
)))
("C:\Users\ITA\AppData\Local\Programs\MiKTeX 2.9\tex\generic\oberdiek\pdftexcmd
s.sty"
Package: pdftexcmds 2018/01/30 v0.27 Utility functions of pdfTeX for LuaTeX (HO
)

("C:\Users\ITA\AppData\Local\Programs\MiKTeX 2.9\tex\generic\oberdiek\ifpdf.sty
"
Package: ifpdf 2017/03/15 v3.2 Provides the ifpdf switch
)
Package pdftexcmds Info: LuaTeX not detected.
Package pdftexcmds Info: \pdf@primitive is available.
Package pdftexcmds Info: \pdf@ifprimitive is available.
Package pdftexcmds Info: \pdfdraftmode found.
)
Package epstopdf-base Info: Redefining graphics rule for `.eps' on input line 4
38.
Package grfext Info: Graphics extension search list:
(grfext)             [.pdf,.png,.jpg,.mps,.jpeg,.jbig2,.jb2,.PDF,.PNG,.JPG,.JPE
G,.JBIG2,.JB2,.eps]
(grfext)             \AppendGraphicsExtensions on input line 456.
))
("C:\Users\ITA\AppData\Local\Programs\MiKTeX 2.9\tex\latex\graphics\rotating.st
y"
Package: rotating 2016/08/11 v2.16d rotated objects in LaTeX
 ("C:\Users\ITA\AppData\Local\Programs\MiKTeX 2.9\tex\latex\base\ifthen.sty"
Package: ifthen 2014/09/29 v1.1c Standard LaTeX ifthen package (DPC)
)
\c@r@tfl@t=\count112
\rotFPtop=\skip67
\rotFPbot=\skip68
\rot@float@box=\box32
\rot@mess@toks=\toks32
)
("C:\Users\ITA\AppData\Local\Programs\MiKTeX 2.9\tex\latex\pgfplots\pgfplots.st
y"
("C:\Users\ITA\AppData\Local\Programs\MiKTeX 2.9\tex\generic\pgfplots\pgfplots.
revision.tex")
Package: pgfplots 2018/03/28 v1.16 Data Visualization (1.16)

("C:\Users\ITA\AppData\Local\Programs\MiKTeX 2.9\tex\latex\pgf\frontendlayer\ti
kz.sty"
("C:\Users\ITA\AppData\Local\Programs\MiKTeX 2.9\tex\latex\pgf\basiclayer\pgf.s
ty"
("C:\Users\ITA\AppData\Local\Programs\MiKTeX 2.9\tex\latex\pgf\utilities\pgfrcs
.sty"
("C:\Users\ITA\AppData\Local\Programs\MiKTeX 2.9\tex\generic\pgf\utilities\pgfu
til-common.tex"
\pgfutil@everybye=\toks33
\pgfutil@tempdima=\dimen150
\pgfutil@tempdimb=\dimen151

("C:\Users\ITA\AppData\Local\Programs\MiKTeX 2.9\tex\generic\pgf\utilities\pgfu
til-common-lists.tex"))
("C:\Users\ITA\AppData\Local\Programs\MiKTeX 2.9\tex\generic\pgf\utilities\pgfu
til-latex.def"
\pgfutil@abb=\box33

("C:\Users\ITA\AppData\Local\Programs\MiKTeX 2.9\tex\latex\ms\everyshi.sty"
Package: everyshi 2001/05/15 v3.00 EveryShipout Package (MS)
))
("C:\Users\ITA\AppData\Local\Programs\MiKTeX 2.9\tex\generic\pgf\utilities\pgfr
cs.code.tex"
Package: pgfrcs 2015/08/07 v3.0.1a (rcs-revision 1.31)
))
Package: pgf 2015/08/07 v3.0.1a (rcs-revision 1.15)

("C:\Users\ITA\AppData\Local\Programs\MiKTeX 2.9\tex\latex\pgf\basiclayer\pgfco
re.sty"
("C:\Users\ITA\AppData\Local\Programs\MiKTeX 2.9\tex\latex\pgf\systemlayer\pgfs
ys.sty"
("C:\Users\ITA\AppData\Local\Programs\MiKTeX 2.9\tex\generic\pgf\systemlayer\pg
fsys.code.tex"
Package: pgfsys 2014/07/09 v3.0.1a (rcs-revision 1.48)

("C:\Users\ITA\AppData\Local\Programs\MiKTeX 2.9\tex\generic\pgf\utilities\pgfk
eys.code.tex"
\pgfkeys@pathtoks=\toks34
\pgfkeys@temptoks=\toks35

("C:\Users\ITA\AppData\Local\Programs\MiKTeX 2.9\tex\generic\pgf\utilities\pgfk
eysfiltered.code.tex"
\pgfkeys@tmptoks=\toks36
))
\pgf@x=\dimen152
\pgf@y=\dimen153
\pgf@xa=\dimen154
\pgf@ya=\dimen155
\pgf@xb=\dimen156
\pgf@yb=\dimen157
\pgf@xc=\dimen158
\pgf@yc=\dimen159
\w@pgf@writea=\write3
\r@pgf@reada=\read1
\c@pgf@counta=\count113
\c@pgf@countb=\count114
\c@pgf@countc=\count115
\c@pgf@countd=\count116
\t@pgf@toka=\toks37
\t@pgf@tokb=\toks38
\t@pgf@tokc=\toks39

("C:\Users\ITA\AppData\Local\Programs\MiKTeX 2.9\tex\generic\pgf\systemlayer\pg
f.cfg"
File: pgf.cfg 2008/05/14  (rcs-revision 1.7)
)
Driver file for pgf: pgfsys-pdftex.def

("C:\Users\ITA\AppData\Local\Programs\MiKTeX 2.9\tex\generic\pgf\systemlayer\pg
fsys-pdftex.def"
File: pgfsys-pdftex.def 2014/10/11  (rcs-revision 1.35)

("C:\Users\ITA\AppData\Local\Programs\MiKTeX 2.9\tex\generic\pgf\systemlayer\pg
fsys-common-pdf.def"
File: pgfsys-common-pdf.def 2013/10/10  (rcs-revision 1.13)
)))
("C:\Users\ITA\AppData\Local\Programs\MiKTeX 2.9\tex\generic\pgf\systemlayer\pg
fsyssoftpath.code.tex"
File: pgfsyssoftpath.code.tex 2013/09/09  (rcs-revision 1.9)
\pgfsyssoftpath@smallbuffer@items=\count117
\pgfsyssoftpath@bigbuffer@items=\count118
)
("C:\Users\ITA\AppData\Local\Programs\MiKTeX 2.9\tex\generic\pgf\systemlayer\pg
fsysprotocol.code.tex"
File: pgfsysprotocol.code.tex 2006/10/16  (rcs-revision 1.4)
))
("C:\Users\ITA\AppData\Local\Programs\MiKTeX 2.9\tex\latex\xcolor\xcolor.sty"
Package: xcolor 2016/05/11 v2.12 LaTeX color extensions (UK)

("C:\Users\ITA\AppData\Local\Programs\MiKTeX 2.9\tex\latex\graphics-cfg\color.c
fg"
File: color.cfg 2016/01/02 v1.6 sample color configuration
)
Package xcolor Info: Driver file: pdftex.def on input line 225.
LaTeX Info: Redefining \color on input line 709.
Package xcolor Info: Model `cmy' substituted by `cmy0' on input line 1348.
Package xcolor Info: Model `hsb' substituted by `rgb' on input line 1352.
Package xcolor Info: Model `RGB' extended on input line 1364.
Package xcolor Info: Model `HTML' substituted by `rgb' on input line 1366.
Package xcolor Info: Model `Hsb' substituted by `hsb' on input line 1367.
Package xcolor Info: Model `tHsb' substituted by `hsb' on input line 1368.
Package xcolor Info: Model `HSB' substituted by `hsb' on input line 1369.
Package xcolor Info: Model `Gray' substituted by `gray' on input line 1370.
Package xcolor Info: Model `wave' substituted by `hsb' on input line 1371.
)
("C:\Users\ITA\AppData\Local\Programs\MiKTeX 2.9\tex\generic\pgf\basiclayer\pgf
core.code.tex"
Package: pgfcore 2010/04/11 v3.0.1a (rcs-revision 1.7)

("C:\Users\ITA\AppData\Local\Programs\MiKTeX 2.9\tex\generic\pgf\math\pgfmath.c
ode.tex"
("C:\Users\ITA\AppData\Local\Programs\MiKTeX 2.9\tex\generic\pgf\math\pgfmathca
lc.code.tex"
("C:\Users\ITA\AppData\Local\Programs\MiKTeX 2.9\tex\generic\pgf\math\pgfmathut
il.code.tex")
("C:\Users\ITA\AppData\Local\Programs\MiKTeX 2.9\tex\generic\pgf\math\pgfmathpa
rser.code.tex"
\pgfmath@dimen=\dimen160
\pgfmath@count=\count119
\pgfmath@box=\box34
\pgfmath@toks=\toks40
\pgfmath@stack@operand=\toks41
\pgfmath@stack@operation=\toks42
)
("C:\Users\ITA\AppData\Local\Programs\MiKTeX 2.9\tex\generic\pgf\math\pgfmathfu
nctions.code.tex"
("C:\Users\ITA\AppData\Local\Programs\MiKTeX 2.9\tex\generic\pgf\math\pgfmathfu
nctions.basic.code.tex")
("C:\Users\ITA\AppData\Local\Programs\MiKTeX 2.9\tex\generic\pgf\math\pgfmathfu
nctions.trigonometric.code.tex")
("C:\Users\ITA\AppData\Local\Programs\MiKTeX 2.9\tex\generic\pgf\math\pgfmathfu
nctions.random.code.tex")
("C:\Users\ITA\AppData\Local\Programs\MiKTeX 2.9\tex\generic\pgf\math\pgfmathfu
nctions.comparison.code.tex")
("C:\Users\ITA\AppData\Local\Programs\MiKTeX 2.9\tex\generic\pgf\math\pgfmathfu
nctions.base.code.tex")
("C:\Users\ITA\AppData\Local\Programs\MiKTeX 2.9\tex\generic\pgf\math\pgfmathfu
nctions.round.code.tex")
("C:\Users\ITA\AppData\Local\Programs\MiKTeX 2.9\tex\generic\pgf\math\pgfmathfu
nctions.misc.code.tex")
("C:\Users\ITA\AppData\Local\Programs\MiKTeX 2.9\tex\generic\pgf\math\pgfmathfu
nctions.integerarithmetics.code.tex")))
("C:\Users\ITA\AppData\Local\Programs\MiKTeX 2.9\tex\generic\pgf\math\pgfmathfl
oat.code.tex"
\c@pgfmathroundto@lastzeros=\count120
))
("C:\Users\ITA\AppData\Local\Programs\MiKTeX 2.9\tex\generic\pgf\basiclayer\pgf
corepoints.code.tex"
File: pgfcorepoints.code.tex 2013/10/07  (rcs-revision 1.27)
\pgf@picminx=\dimen161
\pgf@picmaxx=\dimen162
\pgf@picminy=\dimen163
\pgf@picmaxy=\dimen164
\pgf@pathminx=\dimen165
\pgf@pathmaxx=\dimen166
\pgf@pathminy=\dimen167
\pgf@pathmaxy=\dimen168
\pgf@xx=\dimen169
\pgf@xy=\dimen170
\pgf@yx=\dimen171
\pgf@yy=\dimen172
\pgf@zx=\dimen173
\pgf@zy=\dimen174
)
("C:\Users\ITA\AppData\Local\Programs\MiKTeX 2.9\tex\generic\pgf\basiclayer\pgf
corepathconstruct.code.tex"
File: pgfcorepathconstruct.code.tex 2013/10/07  (rcs-revision 1.29)
\pgf@path@lastx=\dimen175
\pgf@path@lasty=\dimen176
)
("C:\Users\ITA\AppData\Local\Programs\MiKTeX 2.9\tex\generic\pgf\basiclayer\pgf
corepathusage.code.tex"
File: pgfcorepathusage.code.tex 2014/11/02  (rcs-revision 1.24)
\pgf@shorten@end@additional=\dimen177
\pgf@shorten@start@additional=\dimen178
)
("C:\Users\ITA\AppData\Local\Programs\MiKTeX 2.9\tex\generic\pgf\basiclayer\pgf
corescopes.code.tex"
File: pgfcorescopes.code.tex 2015/05/08  (rcs-revision 1.46)
\pgfpic=\box35
\pgf@hbox=\box36
\pgf@layerbox@main=\box37
\pgf@picture@serial@count=\count121
)
("C:\Users\ITA\AppData\Local\Programs\MiKTeX 2.9\tex\generic\pgf\basiclayer\pgf
coregraphicstate.code.tex"
File: pgfcoregraphicstate.code.tex 2014/11/02  (rcs-revision 1.12)
\pgflinewidth=\dimen179
)
("C:\Users\ITA\AppData\Local\Programs\MiKTeX 2.9\tex\generic\pgf\basiclayer\pgf
coretransformations.code.tex"
File: pgfcoretransformations.code.tex 2015/08/07  (rcs-revision 1.20)
\pgf@pt@x=\dimen180
\pgf@pt@y=\dimen181
\pgf@pt@temp=\dimen182
)
("C:\Users\ITA\AppData\Local\Programs\MiKTeX 2.9\tex\generic\pgf\basiclayer\pgf
corequick.code.tex"
File: pgfcorequick.code.tex 2008/10/09  (rcs-revision 1.3)
)
("C:\Users\ITA\AppData\Local\Programs\MiKTeX 2.9\tex\generic\pgf\basiclayer\pgf
coreobjects.code.tex"
File: pgfcoreobjects.code.tex 2006/10/11  (rcs-revision 1.2)
)
("C:\Users\ITA\AppData\Local\Programs\MiKTeX 2.9\tex\generic\pgf\basiclayer\pgf
corepathprocessing.code.tex"
File: pgfcorepathprocessing.code.tex 2013/09/09  (rcs-revision 1.9)
)
("C:\Users\ITA\AppData\Local\Programs\MiKTeX 2.9\tex\generic\pgf\basiclayer\pgf
corearrows.code.tex"
File: pgfcorearrows.code.tex 2015/05/14  (rcs-revision 1.43)
\pgfarrowsep=\dimen183
)
("C:\Users\ITA\AppData\Local\Programs\MiKTeX 2.9\tex\generic\pgf\basiclayer\pgf
coreshade.code.tex"
File: pgfcoreshade.code.tex 2013/07/15  (rcs-revision 1.15)
\pgf@max=\dimen184
\pgf@sys@shading@range@num=\count122
)
("C:\Users\ITA\AppData\Local\Programs\MiKTeX 2.9\tex\generic\pgf\basiclayer\pgf
coreimage.code.tex"
File: pgfcoreimage.code.tex 2013/07/15  (rcs-revision 1.18)

("C:\Users\ITA\AppData\Local\Programs\MiKTeX 2.9\tex\generic\pgf\basiclayer\pgf
coreexternal.code.tex"
File: pgfcoreexternal.code.tex 2014/07/09  (rcs-revision 1.21)
\pgfexternal@startupbox=\box38
))
("C:\Users\ITA\AppData\Local\Programs\MiKTeX 2.9\tex\generic\pgf\basiclayer\pgf
corelayers.code.tex"
File: pgfcorelayers.code.tex 2013/07/18  (rcs-revision 1.7)
)
("C:\Users\ITA\AppData\Local\Programs\MiKTeX 2.9\tex\generic\pgf\basiclayer\pgf
coretransparency.code.tex"
File: pgfcoretransparency.code.tex 2013/09/30  (rcs-revision 1.5)
)
("C:\Users\ITA\AppData\Local\Programs\MiKTeX 2.9\tex\generic\pgf\basiclayer\pgf
corepatterns.code.tex"
File: pgfcorepatterns.code.tex 2013/11/07  (rcs-revision 1.5)
)))
("C:\Users\ITA\AppData\Local\Programs\MiKTeX 2.9\tex\generic\pgf\modules\pgfmod
uleshapes.code.tex"
File: pgfmoduleshapes.code.tex 2014/03/21  (rcs-revision 1.35)
\pgfnodeparttextbox=\box39
)
("C:\Users\ITA\AppData\Local\Programs\MiKTeX 2.9\tex\generic\pgf\modules\pgfmod
uleplot.code.tex"
File: pgfmoduleplot.code.tex 2015/08/03  (rcs-revision 1.13)
)
("C:\Users\ITA\AppData\Local\Programs\MiKTeX 2.9\tex\latex\pgf\compatibility\pg
fcomp-version-0-65.sty"
Package: pgfcomp-version-0-65 2007/07/03 v3.0.1a (rcs-revision 1.7)
\pgf@nodesepstart=\dimen185
\pgf@nodesepend=\dimen186
)
("C:\Users\ITA\AppData\Local\Programs\MiKTeX 2.9\tex\latex\pgf\compatibility\pg
fcomp-version-1-18.sty"
Package: pgfcomp-version-1-18 2007/07/23 v3.0.1a (rcs-revision 1.1)
))
("C:\Users\ITA\AppData\Local\Programs\MiKTeX 2.9\tex\latex\pgf\utilities\pgffor
.sty"
("C:\Users\ITA\AppData\Local\Programs\MiKTeX 2.9\tex\latex\pgf\utilities\pgfkey
s.sty"
("C:\Users\ITA\AppData\Local\Programs\MiKTeX 2.9\tex\generic\pgf\utilities\pgfk
eys.code.tex"))
("C:\Users\ITA\AppData\Local\Programs\MiKTeX 2.9\tex\latex\pgf\math\pgfmath.sty
"
("C:\Users\ITA\AppData\Local\Programs\MiKTeX 2.9\tex\generic\pgf\math\pgfmath.c
ode.tex"))
("C:\Users\ITA\AppData\Local\Programs\MiKTeX 2.9\tex\generic\pgf\utilities\pgff
or.code.tex"
Package: pgffor 2013/12/13 v3.0.1a (rcs-revision 1.25)

("C:\Users\ITA\AppData\Local\Programs\MiKTeX 2.9\tex\generic\pgf\math\pgfmath.c
ode.tex")
\pgffor@iter=\dimen187
\pgffor@skip=\dimen188
\pgffor@stack=\toks43
\pgffor@toks=\toks44
))
("C:\Users\ITA\AppData\Local\Programs\MiKTeX 2.9\tex\generic\pgf\frontendlayer\
tikz\tikz.code.tex"
Package: tikz 2015/08/07 v3.0.1a (rcs-revision 1.151)

("C:\Users\ITA\AppData\Local\Programs\MiKTeX 2.9\tex\generic\pgf\libraries\pgfl
ibraryplothandlers.code.tex"
File: pgflibraryplothandlers.code.tex 2013/08/31 v3.0.1a (rcs-revision 1.20)
\pgf@plot@mark@count=\count123
\pgfplotmarksize=\dimen189
)
\tikz@lastx=\dimen190
\tikz@lasty=\dimen191
\tikz@lastxsaved=\dimen192
\tikz@lastysaved=\dimen193
\tikzleveldistance=\dimen194
\tikzsiblingdistance=\dimen195
\tikz@figbox=\box40
\tikz@figbox@bg=\box41
\tikz@tempbox=\box42
\tikz@tempbox@bg=\box43
\tikztreelevel=\count124
\tikznumberofchildren=\count125
\tikznumberofcurrentchild=\count126
\tikz@fig@count=\count127

("C:\Users\ITA\AppData\Local\Programs\MiKTeX 2.9\tex\generic\pgf\modules\pgfmod
ulematrix.code.tex"
File: pgfmodulematrix.code.tex 2013/09/17  (rcs-revision 1.8)
\pgfmatrixcurrentrow=\count128
\pgfmatrixcurrentcolumn=\count129
\pgf@matrix@numberofcolumns=\count130
)
\tikz@expandcount=\count131

("C:\Users\ITA\AppData\Local\Programs\MiKTeX 2.9\tex\generic\pgf\frontendlayer\
tikz\libraries\tikzlibrarytopaths.code.tex"
File: tikzlibrarytopaths.code.tex 2008/06/17 v3.0.1a (rcs-revision 1.2)
)))
("C:\Users\ITA\AppData\Local\Programs\MiKTeX 2.9\tex\generic\pgfplots\pgfplots.
code.tex"
("C:\Users\ITA\AppData\Local\Programs\MiKTeX 2.9\tex\generic\pgfplots\pgfplotsc
ore.code.tex"
\t@pgfplots@toka=\toks45
\t@pgfplots@tokb=\toks46
\t@pgfplots@tokc=\toks47
\pgfplots@tmpa=\dimen196
\c@pgfplots@coordindex=\count132
\c@pgfplots@scanlineindex=\count133

("C:\Users\ITA\AppData\Local\Programs\MiKTeX 2.9\tex\generic\pgfplots\sys\pgfpl
otssysgeneric.code.tex"))
("C:\Users\ITA\AppData\Local\Programs\MiKTeX 2.9\tex\generic\pgfplots\libs\pgfp
lotslibrary.code.tex")
("C:\Users\ITA\AppData\Local\Programs\MiKTeX 2.9\tex\generic\pgfplots\oldpgfcom
patib\pgfplotsoldpgfsupp_loader.code.tex"
("C:\Users\ITA\AppData\Local\Programs\MiKTeX 2.9\tex\generic\pgf\libraries\pgfl
ibraryfpu.code.tex")
Package pgfplots: loading complementary arithmetics for your pgf version...

("C:\Users\ITA\AppData\Local\Programs\MiKTeX 2.9\tex\generic\pgfplots\oldpgfcom
patib\pgfplotsoldpgfsupp_pgflibraryfpu.code.tex")
("C:\Users\ITA\AppData\Local\Programs\MiKTeX 2.9\tex\generic\pgfplots\oldpgfcom
patib\pgfplotsoldpgfsupp_pgfmathfloat.code.tex"
\c@pgfmathroundto@lastzeros=\count134
)
("C:\Users\ITA\AppData\Local\Programs\MiKTeX 2.9\tex\generic\pgfplots\oldpgfcom
patib\pgfplotsoldpgfsupp_leq.code.tex"))
("C:\Users\ITA\AppData\Local\Programs\MiKTeX 2.9\tex\generic\pgfplots\util\pgfp
lotsutil.code.tex"
("C:\Users\ITA\AppData\Local\Programs\MiKTeX 2.9\tex\generic\pgfplots\liststruc
ture\pgfplotsliststructure.code.tex")
("C:\Users\ITA\AppData\Local\Programs\MiKTeX 2.9\tex\generic\pgfplots\liststruc
ture\pgfplotsliststructureext.code.tex")
("C:\Users\ITA\AppData\Local\Programs\MiKTeX 2.9\tex\generic\pgfplots\liststruc
ture\pgfplotsarray.code.tex"
\c@pgfplotsarray@tmp=\count135
)
("C:\Users\ITA\AppData\Local\Programs\MiKTeX 2.9\tex\generic\pgfplots\liststruc
ture\pgfplotsmatrix.code.tex")
("C:\Users\ITA\AppData\Local\Programs\MiKTeX 2.9\tex\generic\pgfplots\numtable\
pgfplotstableshared.code.tex"
\c@pgfplotstable@counta=\count136
\t@pgfplotstable@a=\toks48
)
("C:\Users\ITA\AppData\Local\Programs\MiKTeX 2.9\tex\generic\pgfplots\liststruc
ture\pgfplotsdeque.code.tex")
("C:\Users\ITA\AppData\Local\Programs\MiKTeX 2.9\tex\generic\pgfplots\util\pgfp
lotsbinary.code.tex"
("C:\Users\ITA\AppData\Local\Programs\MiKTeX 2.9\tex\generic\pgfplots\util\pgfp
lotsbinary.data.code.tex"))
("C:\Users\ITA\AppData\Local\Programs\MiKTeX 2.9\tex\generic\pgfplots\util\pgfp
lotsutil.verb.code.tex")
("C:\Users\ITA\AppData\Local\Programs\MiKTeX 2.9\tex\generic\pgfplots\libs\pgfl
ibrarypgfplots.surfshading.code.tex"
\c@pgfplotslibrarysurf@no=\count137

("C:\Users\ITA\AppData\Local\Programs\MiKTeX 2.9\tex\generic\pgfplots\sys\pgfli
brarypgfplots.surfshading.pgfsys-pdftex.def")))
("C:\Users\ITA\AppData\Local\Programs\MiKTeX 2.9\tex\generic\pgfplots\util\pgfp
lotscolormap.code.tex"
("C:\Users\ITA\AppData\Local\Programs\MiKTeX 2.9\tex\generic\pgfplots\util\pgfp
lotscolor.code.tex"))
("C:\Users\ITA\AppData\Local\Programs\MiKTeX 2.9\tex\generic\pgfplots\pgfplotss
tackedplots.code.tex")
("C:\Users\ITA\AppData\Local\Programs\MiKTeX 2.9\tex\generic\pgfplots\pgfplotsp
lothandlers.code.tex"
("C:\Users\ITA\AppData\Local\Programs\MiKTeX 2.9\tex\generic\pgfplots\pgfplotsm
eshplothandler.code.tex"
("C:\Users\ITA\AppData\Local\Programs\MiKTeX 2.9\tex\generic\pgfplots\pgfplotsm
eshplotimage.code.tex")))
("C:\Users\ITA\AppData\Local\Programs\MiKTeX 2.9\tex\generic\pgfplots\pgfplots.
scaling.code.tex")
("C:\Users\ITA\AppData\Local\Programs\MiKTeX 2.9\tex\generic\pgfplots\pgfplotsc
oordprocessing.code.tex")
("C:\Users\ITA\AppData\Local\Programs\MiKTeX 2.9\tex\generic\pgfplots\pgfplots.
errorbars.code.tex")
("C:\Users\ITA\AppData\Local\Programs\MiKTeX 2.9\tex\generic\pgfplots\pgfplots.
markers.code.tex")
("C:\Users\ITA\AppData\Local\Programs\MiKTeX 2.9\tex\generic\pgfplots\pgfplotst
icks.code.tex")
("C:\Users\ITA\AppData\Local\Programs\MiKTeX 2.9\tex\generic\pgfplots\pgfplots.
paths.code.tex")
("C:\Users\ITA\AppData\Local\Programs\MiKTeX 2.9\tex\generic\pgf\frontendlayer\
tikz\libraries\tikzlibrarydecorations.code.tex"
("C:\Users\ITA\AppData\Local\Programs\MiKTeX 2.9\tex\generic\pgf\modules\pgfmod
uledecorations.code.tex"
\pgfdecoratedcompleteddistance=\dimen197
\pgfdecoratedremainingdistance=\dimen198
\pgfdecoratedinputsegmentcompleteddistance=\dimen199
\pgfdecoratedinputsegmentremainingdistance=\dimen256
\pgf@decorate@distancetomove=\dimen257
\pgf@decorate@repeatstate=\count138
\pgfdecorationsegmentamplitude=\dimen258
\pgfdecorationsegmentlength=\dimen259
)
\tikz@lib@dec@box=\box44
)
("C:\Users\ITA\AppData\Local\Programs\MiKTeX 2.9\tex\generic\pgf\frontendlayer\
tikz\libraries\tikzlibrarydecorations.pathmorphing.code.tex"
("C:\Users\ITA\AppData\Local\Programs\MiKTeX 2.9\tex\generic\pgf\libraries\deco
rations\pgflibrarydecorations.pathmorphing.code.tex"))
("C:\Users\ITA\AppData\Local\Programs\MiKTeX 2.9\tex\generic\pgf\frontendlayer\
tikz\libraries\tikzlibrarydecorations.pathreplacing.code.tex"
("C:\Users\ITA\AppData\Local\Programs\MiKTeX 2.9\tex\generic\pgf\libraries\deco
rations\pgflibrarydecorations.pathreplacing.code.tex"))
\pgfplots@numplots=\count139
\pgfplots@xmin@reg=\dimen260
\pgfplots@xmax@reg=\dimen261
\pgfplots@ymin@reg=\dimen262
\pgfplots@ymax@reg=\dimen263
\pgfplots@zmin@reg=\dimen264
\pgfplots@zmax@reg=\dimen265
)
("C:\Users\ITA\AppData\Local\Programs\MiKTeX 2.9\tex\generic\pgf\frontendlayer\
tikz\libraries\tikzlibraryplotmarks.code.tex"
File: tikzlibraryplotmarks.code.tex 2008/01/09 v3.0.1a (rcs-revision 1.1)

("C:\Users\ITA\AppData\Local\Programs\MiKTeX 2.9\tex\generic\pgf\libraries\pgfl
ibraryplotmarks.code.tex"
File: pgflibraryplotmarks.code.tex 2015/08/03 v3.0.1a (rcs-revision 1.14)
)))
("C:\Users\ITA\AppData\Local\Programs\MiKTeX 2.9\tex\latex\pgfgantt\pgfgantt.st
y"
Package: pgfgantt 2018/01/10 v5.0 Draw Gantt diagrams with TikZ

("C:\Users\ITA\AppData\Local\Programs\MiKTeX 2.9\tex\generic\pgf\frontendlayer\
tikz\libraries\tikzlibraryarrows.code.tex"
File: tikzlibraryarrows.code.tex 2008/01/09 v3.0.1a (rcs-revision 1.1)

("C:\Users\ITA\AppData\Local\Programs\MiKTeX 2.9\tex\generic\pgf\libraries\pgfl
ibraryarrows.code.tex"
File: pgflibraryarrows.code.tex 2013/09/23 v3.0.1a (rcs-revision 1.16)
\arrowsize=\dimen266
))
("C:\Users\ITA\AppData\Local\Programs\MiKTeX 2.9\tex\generic\pgf\frontendlayer\
tikz\libraries\tikzlibrarybackgrounds.code.tex"
File: tikzlibrarybackgrounds.code.tex 2013/07/18 v3.0.1a (rcs-revision 1.3)
\pgf@layerbox@background=\box45
\pgf@layerboxsaved@background=\box46
)
("C:\Users\ITA\AppData\Local\Programs\MiKTeX 2.9\tex\generic\pgf\frontendlayer\
tikz\libraries\tikzlibrarycalc.code.tex"
File: tikzlibrarycalc.code.tex 2013/07/15 v3.0.1a (rcs-revision 1.9)
)
("C:\Users\ITA\AppData\Local\Programs\MiKTeX 2.9\tex\generic\pgf\frontendlayer\
tikz\libraries\tikzlibrarypatterns.code.tex"
File: tikzlibrarypatterns.code.tex 2008/01/15 v3.0.1a (rcs-revision 1.2)

("C:\Users\ITA\AppData\Local\Programs\MiKTeX 2.9\tex\generic\pgf\libraries\pgfl
ibrarypatterns.code.tex"
File: pgflibrarypatterns.code.tex 2008/03/03 v3.0.1a (rcs-revision 1.13)
))
("C:\Users\ITA\AppData\Local\Programs\MiKTeX 2.9\tex\generic\pgf\frontendlayer\
tikz\libraries\tikzlibrarypositioning.code.tex"
File: tikzlibrarypositioning.code.tex 2008/10/06 v3.0.1a (rcs-revision 1.7)
)
("C:\Users\ITA\AppData\Local\Programs\MiKTeX 2.9\tex\generic\pgf\frontendlayer\
tikz\libraries\tikzlibraryshapes.geometric.code.tex"
File: tikzlibraryshapes.geometric.code.tex 2008/01/09 v3.0.1a (rcs-revision 1.1
)

("C:\Users\ITA\AppData\Local\Programs\MiKTeX 2.9\tex\generic\pgf\libraries\shap
es\pgflibraryshapes.geometric.code.tex"
File: pgflibraryshapes.geometric.code.tex 2008/06/26 v3.0.1a (rcs-revision 1.1)

))
("C:\Users\ITA\AppData\Local\Programs\MiKTeX 2.9\tex\latex\pgf\utilities\pgfcal
endar.sty"
("C:\Users\ITA\AppData\Local\Programs\MiKTeX 2.9\tex\generic\pgf\utilities\pgfc
alendar.code.tex"
File: pgfcalendar.code.tex 2007/07/23 v3.0.1a (rcs-revision 1.11)
\pgfcalendarcurrentjulian=\count140
))
\gtt@currentline=\count141
\gtt@lasttitleline=\count142
\gtt@currgrid=\count143
\gtt@chartwidth=\count144
\gtt@lasttitleslot=\count145
\gtt@elementid=\count146
\gtt@today@slot=\count147
\gtt@startjulian=\count148
\gtt@endjulian=\count149
\gtt@chartid=\count150
\gtt@vrule@slot=\count151
\gtt@calendar@slots=\count152
\gtt@calendar@weeknumber=\count153
\gtt@calendar@startofweek=\count154
\gtt@left@slot=\count155
\gtt@right@slot=\count156
)
("C:\Users\ITA\AppData\Local\Programs\MiKTeX 2.9\tex\latex\oberdiek\pdflscape.s
ty"
Package: pdflscape 2016/05/14 v0.11 Display of landscape pages in PDF (HO)

("C:\Users\ITA\AppData\Local\Programs\MiKTeX 2.9\tex\latex\graphics\lscape.sty"
Package: lscape 2000/10/22 v3.01 Landscape Pages (DPC)
)
Package pdflscape Info: Auto-detected driver: pdftex on input line 81.

("C:\Users\ITA\AppData\Local\Programs\MiKTeX 2.9\tex\generic\ifxetex\ifxetex.st
y"
Package: ifxetex 2010/09/12 v0.6 Provides ifxetex conditional
))
("C:\Users\ITA\AppData\Local\Programs\MiKTeX 2.9\tex\latex\algorithmicx\algpseu
docode.sty"
Package: algpseudocode 

("C:\Users\ITA\AppData\Local\Programs\MiKTeX 2.9\tex\latex\algorithmicx\algorit
hmicx.sty"
Package: algorithmicx 2005/04/27 v1.2 Algorithmicx

Document Style algorithmicx 1.2 - a greatly improved `algorithmic' style
\c@ALG@line=\count157
\c@ALG@rem=\count158
\c@ALG@nested=\count159
\ALG@tlm=\skip69
\ALG@thistlm=\skip70
\c@ALG@Lnr=\count160
\c@ALG@blocknr=\count161
\c@ALG@storecount=\count162
\c@ALG@tmpcounter=\count163
\ALG@tmplength=\skip71
)
Document Style - pseudocode environments for use with the `algorithmicx' style
) ("C:\Users\ITA\AppData\Local\Programs\MiKTeX 2.9\tex\latex\tools\longtable.st
y"
Package: longtable 2014/10/28 v4.11 Multi-page Table package (DPC)
\LTleft=\skip72
\LTright=\skip73
\LTpre=\skip74
\LTpost=\skip75
\LTchunksize=\count164
\LTcapwidth=\dimen267
\LT@head=\box47
\LT@firsthead=\box48
\LT@foot=\box49
\LT@lastfoot=\box50
\LT@cols=\count165
\LT@rows=\count166
\c@LT@tables=\count167
\c@LT@chunks=\count168
\LT@p@ftn=\toks49
)
("C:\Users\ITA\AppData\Local\Programs\MiKTeX 2.9\tex\latex\geometry\geometry.st
y"
Package: geometry 2018/04/16 v5.8 Page Geometry

("C:\Users\ITA\AppData\Local\Programs\MiKTeX 2.9\tex\generic\oberdiek\ifvtex.st
y"
Package: ifvtex 2016/05/16 v1.6 Detect VTeX and its facilities (HO)
Package ifvtex Info: VTeX not detected.
)
\Gm@cnth=\count169
\Gm@cntv=\count170
\c@Gm@tempcnt=\count171
\Gm@bindingoffset=\dimen268
\Gm@wd@mp=\dimen269
\Gm@odd@mp=\dimen270
\Gm@even@mp=\dimen271
\Gm@layoutwidth=\dimen272
\Gm@layoutheight=\dimen273
\Gm@layouthoffset=\dimen274
\Gm@layoutvoffset=\dimen275
\Gm@dimlist=\toks50

("C:\Users\ITA\AppData\Local\Programs\MiKTeX 2.9\tex\latex\geometry\geometry.cf
g"))
("C:\Users\ITA\AppData\Local\Programs\MiKTeX 2.9\tex\latex\base\latexsym.sty"
Package: latexsym 1998/08/17 v2.2e Standard LaTeX package (lasy symbols)
\symlasy=\mathgroup6
LaTeX Font Info:    Overwriting symbol font `lasy' in version `bold'
(Font)                  U/lasy/m/n --> U/lasy/b/n on input line 52.
)
("C:\Users\ITA\AppData\Local\Programs\MiKTeX 2.9\tex\latex\tools\hhline.sty"
Package: hhline 2014/10/28 v2.03 Table rule package (DPC)
)
("C:\Users\ITA\AppData\Local\Programs\MiKTeX 2.9\tex\latex\natbib\natbib.sty"
Package: natbib 2010/09/13 8.31b (PWD, AO)
\bibhang=\skip76
\bibsep=\skip77
LaTeX Info: Redefining \cite on input line 694.
\c@NAT@ctr=\count172
)
("C:\Users\ITA\AppData\Local\Programs\MiKTeX 2.9\tex\latex\hyperref\hyperref.st
y"
Package: hyperref 2018/02/06 v6.86b Hypertext links for LaTeX

("C:\Users\ITA\AppData\Local\Programs\MiKTeX 2.9\tex\generic\oberdiek\hobsub-hy
perref.sty"
Package: hobsub-hyperref 2016/05/16 v1.14 Bundle oberdiek, subset hyperref (HO)


("C:\Users\ITA\AppData\Local\Programs\MiKTeX 2.9\tex\generic\oberdiek\hobsub-ge
neric.sty"
Package: hobsub-generic 2016/05/16 v1.14 Bundle oberdiek, subset generic (HO)
Package: hobsub 2016/05/16 v1.14 Construct package bundles (HO)
Package hobsub Info: Skipping package `infwarerr' (already loaded).
Package hobsub Info: Skipping package `ltxcmds' (already loaded).
Package hobsub Info: Skipping package `ifluatex' (already loaded).
Package hobsub Info: Skipping package `ifvtex' (already loaded).
Package: intcalc 2016/05/16 v1.2 Expandable calculations with integers (HO)
Package hobsub Info: Skipping package `ifpdf' (already loaded).
Package hobsub Info: Skipping package `etexcmds' (already loaded).
Package hobsub Info: Skipping package `kvsetkeys' (already loaded).
Package hobsub Info: Skipping package `kvdefinekeys' (already loaded).
Package hobsub Info: Skipping package `pdftexcmds' (already loaded).
Package: pdfescape 2016/05/16 v1.14 Implements pdfTeX's escape features (HO)
Package: bigintcalc 2016/05/16 v1.4 Expandable calculations on big integers (HO
)
Package: bitset 2016/05/16 v1.2 Handle bit-vector datatype (HO)
Package: uniquecounter 2016/05/16 v1.3 Provide unlimited unique counter (HO)
)
Package hobsub Info: Skipping package `hobsub' (already loaded).
Package: letltxmacro 2016/05/16 v1.5 Let assignment for LaTeX macros (HO)
Package: hopatch 2016/05/16 v1.3 Wrapper for package hooks (HO)
Package: xcolor-patch 2016/05/16 xcolor patch
Package: atveryend 2016/05/16 v1.9 Hooks at the very end of document (HO)
Package atveryend Info: \enddocument detected (standard20110627).
Package: atbegshi 2016/06/09 v1.18 At begin shipout hook (HO)
Package: refcount 2016/05/16 v3.5 Data extraction from label references (HO)
Package: hycolor 2016/05/16 v1.8 Color options for hyperref/bookmark (HO)
)
("C:\Users\ITA\AppData\Local\Programs\MiKTeX 2.9\tex\latex\oberdiek\auxhook.sty
"
Package: auxhook 2016/05/16 v1.4 Hooks for auxiliary files (HO)
)
\@linkdim=\dimen276
\Hy@linkcounter=\count173
\Hy@pagecounter=\count174

("C:\Users\ITA\AppData\Local\Programs\MiKTeX 2.9\tex\latex\hyperref\pd1enc.def"
File: pd1enc.def 2018/02/06 v6.86b Hyperref: PDFDocEncoding definition (HO)
Now handling font encoding PD1 ...
... no UTF-8 mapping file for font encoding PD1
)
\Hy@SavedSpaceFactor=\count175

("C:\Users\ITA\AppData\Local\Programs\MiKTeX 2.9\tex\latex\00miktex\hyperref.cf
g"
File: hyperref.cfg 2002/06/06 v1.2 hyperref configuration of TeXLive
)
Package hyperref Info: Option `colorlinks' set `true' on input line 4383.
Package hyperref Info: Hyper figures OFF on input line 4509.
Package hyperref Info: Link nesting OFF on input line 4514.
Package hyperref Info: Hyper index ON on input line 4517.
Package hyperref Info: Plain pages OFF on input line 4524.
Package hyperref Info: Backreferencing OFF on input line 4529.
Package hyperref Info: Implicit mode ON; LaTeX internals redefined.
Package hyperref Info: Bookmarks ON on input line 4762.
\c@Hy@tempcnt=\count176
 ("C:\Users\ITA\AppData\Local\Programs\MiKTeX 2.9\tex\latex\url\url.sty"
\Urlmuskip=\muskip11
Package: url 2013/09/16  ver 3.4  Verb mode for urls, etc.
)
LaTeX Info: Redefining \url on input line 5115.
\XeTeXLinkMargin=\dimen277
\Fld@menulength=\count177
\Field@Width=\dimen278
\Fld@charsize=\dimen279
Package hyperref Info: Hyper figures OFF on input line 6369.
Package hyperref Info: Link nesting OFF on input line 6374.
Package hyperref Info: Hyper index ON on input line 6377.
Package hyperref Info: backreferencing OFF on input line 6384.
Package hyperref Info: Link coloring ON on input line 6387.
Package hyperref Info: Link coloring with OCG OFF on input line 6394.
Package hyperref Info: PDF/A mode OFF on input line 6399.
LaTeX Info: Redefining \ref on input line 6439.
LaTeX Info: Redefining \pageref on input line 6443.
\Hy@abspage=\count178
\c@Item=\count179
\c@Hfootnote=\count180
)
Package hyperref Info: Driver (autodetected): hpdftex.

("C:\Users\ITA\AppData\Local\Programs\MiKTeX 2.9\tex\latex\hyperref\hpdftex.def
"
File: hpdftex.def 2018/02/06 v6.86b Hyperref driver for pdfTeX
\Fld@listcount=\count181
\c@bookmark@seq@number=\count182

("C:\Users\ITA\AppData\Local\Programs\MiKTeX 2.9\tex\latex\oberdiek\rerunfilech
eck.sty"
Package: rerunfilecheck 2016/05/16 v1.8 Rerun checks for auxiliary files (HO)
Package uniquecounter Info: New unique counter `rerunfilecheck' on input line 2
82.
)
\Hy@SectionHShift=\skip78
)
("C:\Users\ITA\AppData\Local\Programs\MiKTeX 2.9\tex\latex\listings\listings.st
y"
\lst@mode=\count183
\lst@gtempboxa=\box51
\lst@token=\toks51
\lst@length=\count184
\lst@currlwidth=\dimen280
\lst@column=\count185
\lst@pos=\count186
\lst@lostspace=\dimen281
\lst@width=\dimen282
\lst@newlines=\count187
\lst@lineno=\count188
\lst@maxwidth=\dimen283

("C:\Users\ITA\AppData\Local\Programs\MiKTeX 2.9\tex\latex\listings\lstmisc.sty
"
File: lstmisc.sty 2015/06/04 1.6 (Carsten Heinz)
\c@lstnumber=\count189
\lst@skipnumbers=\count190
\lst@framebox=\box52
)
("C:\Users\ITA\AppData\Local\Programs\MiKTeX 2.9\tex\latex\listings\listings.cf
g"
File: listings.cfg 2015/06/04 1.6 listings configuration
))
Package: listings 2015/06/04 1.6 (Carsten Heinz)
 ("C:\Users\ITA\AppData\Local\Programs\MiKTeX 2.9\tex\latex\float\float.sty"
Package: float 2001/11/08 v1.3d Float enhancements (AL)
\c@float@type=\count191
\float@exts=\toks52
\float@box=\box53
\@float@everytoks=\toks53
\@floatcapt=\box54
)
("C:\Users\ITA\AppData\Local\Programs\MiKTeX 2.9\tex\latex\tools\enumerate.sty"
Package: enumerate 2015/07/23 v3.00 enumerate extensions (DPC)
\@enLab=\toks54
)
("C:\Users\ITA\AppData\Local\Programs\MiKTeX 2.9\tex\latex\multirow\multirow.st
y"
Package: multirow 2016/11/25 v2.2 Span multiple rows of a table
\multirow@colwidth=\skip79
\multirow@cntb=\count192
\multirow@dima=\skip80
\bigstrutjot=\dimen284
)
("C:\Users\ITA\AppData\Local\Programs\MiKTeX 2.9\tex\latex\tools\multicol.sty"
Package: multicol 2018/04/20 v1.8s multicolumn formatting (FMi)
\c@tracingmulticols=\count193
\mult@box=\box55
\multicol@leftmargin=\dimen285
\c@unbalance=\count194
\c@collectmore=\count195
\doublecol@number=\count196
\multicoltolerance=\count197
\multicolpretolerance=\count198
\full@width=\dimen286
\page@free=\dimen287
\premulticols=\dimen288
\postmulticols=\dimen289
\multicolsep=\skip81
\multicolbaselineskip=\skip82
\partial@page=\box56
\last@line=\box57
\maxbalancingoverflow=\dimen290
\mult@rightbox=\box58
\mult@grightbox=\box59
\mult@gfirstbox=\box60
\mult@firstbox=\box61
\@tempa=\box62
\@tempa=\box63
\@tempa=\box64
\@tempa=\box65
\@tempa=\box66
\@tempa=\box67
\@tempa=\box68
\@tempa=\box69
\@tempa=\box70
\@tempa=\box71
\@tempa=\box72
\@tempa=\box73
\@tempa=\box74
\@tempa=\box75
\@tempa=\box76
\@tempa=\box77
\@tempa=\box78
\c@columnbadness=\count199
\c@finalcolumnbadness=\count266
\last@try=\dimen291
\multicolovershoot=\dimen292
\multicolundershoot=\dimen293
\mult@nat@firstbox=\box79
\colbreak@box=\box80
\mc@col@check@num=\count267
)
("C:\Users\ITA\AppData\Local\Programs\MiKTeX 2.9\tex\latex\caption\subcaption.s
ty"
Package: subcaption 2018/05/01 v1.1-162 Sub-captions (AR)
\c@subfigure=\count268
\c@subtable=\count269
)
("C:\Users\ITA\AppData\Local\Programs\MiKTeX 2.9\tex\latex\parskip\parskip.sty"
Package: parskip 2001/04/09 non-zero parskip adjustments
)
("C:\Users\ITA\AppData\Local\Programs\MiKTeX 2.9\tex\latex\multirow\bigstrut.st
y"
Package: bigstrut 2016/11/25 v2.2 Provide larger struts in tabulars
)
("C:\Users\ITA\AppData\Local\Programs\MiKTeX 2.9\tex\latex\tools\tabularx.sty"
Package: tabularx 2016/02/03 v2.11b `tabularx' package (DPC)
\TX@col@width=\dimen294
\TX@old@table=\dimen295
\TX@old@col=\dimen296
\TX@target=\dimen297
\TX@delta=\dimen298
\TX@cols=\count270
\TX@ftn=\toks55
) ("C:\Users\ITA\AppData\Local\Programs\MiKTeX 2.9\tex\latex\ctable\ctable.sty"
Package: ctable 2015/10/17 v1.31 ctable package for flexible typesetting of tab
le and figure floats using key/value directives

("C:\Users\ITA\AppData\Local\Programs\MiKTeX 2.9\tex\latex\etoolbox\etoolbox.st
y"
Package: etoolbox 2018/02/11 v2.5e e-TeX tools for LaTeX (JAW)
\etb@tempcnta=\count271
)

Package ctable Warning:  Transparency disabled: incompatible with tikz package 
 on input line 36.

\@CTframesep=\dimen299
\@dfltCTframesep=\dimen300
\@CTframerule=\dimen301
\@dfltCTframerule=\dimen302
\@CTwidth=\dimen303
\@dfltCTwidth=\dimen304
\@CTcaptionskip=\dimen305
\@dfltCTcaptionskip=\dimen306
\@CTmaxwidth=\dimen307
\@dfltCTmaxwidth=\dimen308
\@CTmincapwidth=\dimen309
\@dfltCTmincapwidth=\dimen310
\@CTfooterwidth=\dimen311
\@dfltCTfooterwidth=\dimen312
\@CTw=\dimen313
\@CTfloatwidth=\dimen314
\@CToldsep=\dimen315
\@CToldrule=\dimen316
\CT@t=\box81
\@CTcurftwidth=\dimen317
)
Package hyperref Info: Option `colorlinks' set `true' on input line 54.
\c@theorem=\count272
\c@proposition=\count273
\c@lemma=\count274
\c@definition=\count275
\c@corollary=\count276

("C:\Users\ITA\AppData\Local\Programs\MiKTeX 2.9\tex\latex\tcolorbox\tcolorbox.
sty"
Package: tcolorbox 2018/03/22 version 4.13 text color boxes

("C:\Users\ITA\AppData\Local\Programs\MiKTeX 2.9\tex\latex\tools\verbatim.sty"
Package: verbatim 2014/10/28 v1.5q LaTeX2e package for verbatim enhancements
\every@verbatim=\toks56
\verbatim@line=\toks57
\verbatim@in@stream=\read2
) ("C:\Users\ITA\AppData\Local\Programs\MiKTeX 2.9\tex\latex\environ\environ.st
y"
Package: environ 2014/05/04 v0.3 A new way to define environments

("C:\Users\ITA\AppData\Local\Programs\MiKTeX 2.9\tex\latex\trimspaces\trimspace
s.sty"
Package: trimspaces 2009/09/17 v1.1 Trim spaces around a token list
))
\tcb@titlebox=\box82
\tcb@upperbox=\box83
\tcb@lowerbox=\box84
\tcb@phantombox=\box85
\c@tcbbreakpart=\count277
\c@tcblayer=\count278
\tcolorbox@number=\count279
\tcb@temp=\box86
\tcb@temp=\box87
\tcb@temp=\box88
\tcb@temp=\box89
\tcb@out=\write4
\tcb@record@out=\write5

("C:\Users\ITA\AppData\Local\Programs\MiKTeX 2.9\tex\latex\tcolorbox\tcblisting
s.code.tex"
Library (tcolorbox): 'tcblistings.code.tex' version '4.13'

("C:\Users\ITA\AppData\Local\Programs\MiKTeX 2.9\tex\latex\tcolorbox\tcblisting
score.code.tex"
Library (tcolorbox): 'tcblistingscore.code.tex' version '4.13'

("C:\Users\ITA\AppData\Local\Programs\MiKTeX 2.9\tex\latex\tcolorbox\tcbprocess
ing.code.tex"
Library (tcolorbox): 'tcbprocessing.code.tex' version '4.13'
("C:\Users\ITA\AppData\Local\Programs\MiKTeX 2.9\tex\latex\tools\shellesc.sty"
Package: shellesc 2016/06/07 v0.02a unified shell escape interface for LaTeX
Package shellesc Info: Restricted shell escape enabled on input line 69.
))
\c@tcblisting=\count280
)))
("C:\Users\ITA\AppData\Local\Programs\MiKTeX 2.9\tex\latex\tcolorbox\tcbtheorem
s.code.tex"
Library (tcolorbox): 'tcbtheorems.code.tex' version '4.13'
)
("C:\Users\ITA\AppData\Local\Programs\MiKTeX 2.9\tex\latex\fancyhdr\fancyheadin
gs.sty"
Package: fancyheadings 2017/06/30 v3.9a Legacy package to call fancyhdr


Package fancyheadings Warning: Please stop using fancyheadings!
(fancyheadings)                Use fancyhdr instead.
(fancyheadings)                We will call fancyhdr with the very same
(fancyheadings)                options you passed to fancyheadings.
(fancyheadings)                
(fancyheadings)                fancyhdr is 99 percent compatible with
(fancyheadings)                fancyheadings. The only incompatibility is
(fancyheadings)                that \headrulewidth and \footrulewidth and
(fancyheadings)                their \plain... versions are no longer length
(fancyheadings)                parameters, but normal macros (to be changed
(fancyheadings)                with \renewcommand rather than \setlength)..


("C:\Users\ITA\AppData\Local\Programs\MiKTeX 2.9\tex\latex\fancyhdr\fancyhdr.st
y"
Package: fancyhdr 2017/06/30 v3.9a Extensive control of page headers and footer
s
\f@nch@headwidth=\skip83
\f@nch@O@elh=\skip84
\f@nch@O@erh=\skip85
\f@nch@O@olh=\skip86
\f@nch@O@orh=\skip87
\f@nch@O@elf=\skip88
\f@nch@O@erf=\skip89
\f@nch@O@olf=\skip90
\f@nch@O@orf=\skip91
)) ("C:\Users\ITA\AppData\Local\Programs\MiKTeX 2.9\tex\latex\tools\xspace.sty"
Package: xspace 2014/10/28 v1.13 Space after command names (DPC,MH)
)
("C:\Users\ITA\AppData\Local\Programs\MiKTeX 2.9\tex\latex\tikz-qtree\tikz-qtre
e.sty"
("C:\Users\ITA\AppData\Local\Programs\MiKTeX 2.9\tex\latex\tikz-qtree\pgftree.s
ty"
("C:\Users\ITA\AppData\Local\Programs\MiKTeX 2.9\tex\latex\tikz-qtree\pgfsubpic
.sty"
("C:\Users\ITA\AppData\Local\Programs\MiKTeX 2.9\tex\generic\tikz-qtree\pgfsubp
ic.tex"
\pgf@subpicminx=\dimen318
\pgf@subpicminy=\dimen319
\pgf@subpicmaxx=\dimen320
\pgf@subpicmaxy=\dimen321
))
("C:\Users\ITA\AppData\Local\Programs\MiKTeX 2.9\tex\generic\tikz-qtree\pgftree
.tex"
\levelsep=\dimen322
\subtreesep=\dimen323
\smuggle@levelsep=\dimen324
\smuggle@subtreesep=\dimen325
\this@levelsep=\dimen326
\this@subtreesep=\dimen327
\pgftree@childx=\dimen328
\pgftree@savechildx=\dimen329
\pgftree@childy=\dimen330
\pgftree@savechildy=\dimen331
\pgftree@childi=\count281
\pgftree@savechildi=\count282
\pgftree@level=\count283
\pgftree@depth=\dimen332
\pgf@subpic@hbox@children=\box90
\pgf@subpic@minx@children=\dimen333
\pgf@subpic@miny@children=\dimen334
\pgf@subpic@maxx@children=\dimen335
\pgf@subpic@maxy@children=\dimen336
\pgftree@lastchildx=\dimen337
\pgftree@lastchildy=\dimen338
))
("C:\Users\ITA\AppData\Local\Programs\MiKTeX 2.9\tex\generic\tikz-qtree\tikz-qt
ree.tex"
\@result=\toks58
\child@list=\toks59
\root@node=\toks60
))
("C:\Users\ITA\AppData\Local\Programs\MiKTeX 2.9\tex\generic\pgf\frontendlayer\
tikz\libraries\tikzlibrarymatrix.code.tex"
File: tikzlibrarymatrix.code.tex 2013/07/12 v3.0.1a (rcs-revision 1.4)
)
("C:\Users\ITA\AppData\Local\Programs\MiKTeX 2.9\tex\latex\threeparttable\three
parttable.sty"
Package: threeparttable 2003/06/13  v 3.0
\@tempboxb=\box91
)
("C:\Users\ITA\AppData\Local\Programs\MiKTeX 2.9\tex\latex\standalone\standalon
e.sty"
Package: standalone 2018/03/26 v1.3a Package to include TeX sub-files with prea
mbles

("C:\Users\ITA\AppData\Local\Programs\MiKTeX 2.9\tex\latex\currfile\currfile.st
y"
Package: currfile 2015/04/23 v0.7c Provides the file path elements of the curre
nt input file

("C:\Users\ITA\AppData\Local\Programs\MiKTeX 2.9\tex\latex\filehook\filehook.st
y"
Package: filehook 2011/10/12 v0.5d Hooks for input files
)
\c@currfiledepth=\count284
)
("C:\Users\ITA\AppData\Local\Programs\MiKTeX 2.9\tex\latex\gincltex\gincltex.st
y"
("C:\Users\ITA\AppData\Local\Programs\MiKTeX 2.9\tex\latex\svn-prov\svn-prov.st
y"
Package: svn-prov 2010/04/24 v3.1862 Package Date/Version from SVN Keywords
)
Package: gincltex 2011/09/04 v0.3 Include external LaTeX files like graphics
\gincltex@box=\box92
)
("C:\Users\ITA\AppData\Local\Programs\MiKTeX 2.9\tex\latex\filemod\filemod-expm
in.sty"
Package: filemod-expmin 2011/09/19 v1.2 Get and compare file modification times
 (expandable; minimal)
))

LaTeX Warning: Unused global option(s):
    [10t].

(Pairs_Trading_WAIAF.aux (Introduction.aux) (Methodology.aux) (Model.aux)
(Results.aux) (Conclusion.aux) (Appendix.aux))
\openout1 = `Pairs_Trading_WAIAF.aux'.

LaTeX Font Info:    Checking defaults for OML/cmm/m/it on input line 93.
LaTeX Font Info:    ... okay on input line 93.
LaTeX Font Info:    Checking defaults for T1/cmr/m/n on input line 93.
LaTeX Font Info:    ... okay on input line 93.
LaTeX Font Info:    Checking defaults for OT1/cmr/m/n on input line 93.
LaTeX Font Info:    ... okay on input line 93.
LaTeX Font Info:    Checking defaults for OMS/cmsy/m/n on input line 93.
LaTeX Font Info:    ... okay on input line 93.
LaTeX Font Info:    Checking defaults for OMX/cmex/m/n on input line 93.
LaTeX Font Info:    ... okay on input line 93.
LaTeX Font Info:    Checking defaults for U/cmr/m/n on input line 93.
LaTeX Font Info:    ... okay on input line 93.
LaTeX Font Info:    Checking defaults for PD1/pdf/m/n on input line 93.
LaTeX Font Info:    ... okay on input line 93.
LaTeX Font Info:    Try loading font information for T1+lmr on input line 93.

("C:\Users\ITA\AppData\Local\Programs\MiKTeX 2.9\tex\latex\lm\t1lmr.fd"
File: t1lmr.fd 2009/10/30 v1.6 Font defs for Latin Modern
)
ABD: EverySelectfont initializing macros
LaTeX Info: Redefining \selectfont on input line 93.

("C:\Users\ITA\AppData\Local\Programs\MiKTeX 2.9\tex\context\base\supp-pdf.mkii
"
[Loading MPS to PDF converter (version 2006.09.02).]
\scratchcounter=\count285
\scratchdimen=\dimen339
\scratchbox=\box93
\nofMPsegments=\count286
\nofMParguments=\count287
\everyMPshowfont=\toks61
\MPscratchCnt=\count288
\MPscratchDim=\dimen340
\MPnumerator=\count289
\makeMPintoPDFobject=\count290
\everyMPtoPDFconversion=\toks62
)
Package caption Info: Begin \AtBeginDocument code.
Package caption Info: float package is loaded.
Package caption Info: hyperref package is loaded.
Package caption Info: listings package is loaded.
Package caption Info: longtable package is loaded.

("C:\Users\ITA\AppData\Local\Programs\MiKTeX 2.9\tex\latex\caption\ltcaption.st
y"
Package: ltcaption 2013/06/09 v1.4-94 longtable captions (AR)
)
Package caption Info: rotating package is loaded.
Package caption Info: threeparttable package is loaded.
Package caption Info: End \AtBeginDocument code.
 ABD: EveryShipout initializing macros
Package pgfplots notification 'compat/show suggested version=true': document ha
s been generated with the most recent feature set (\pgfplotsset{compat=1.16}).

*geometry* driver: auto-detecting
*geometry* detected driver: pdftex
*geometry* verbose mode - [ preamble ] result:
* driver: pdftex
* paper: a4paper
* layout: <same size as paper>
* layoutoffset:(h,v)=(0.0pt,0.0pt)
* modes: 
* h-part:(L,W,R)=(56.9055pt, 483.69687pt, 56.9055pt)
* v-part:(T,H,B)=(85.35826pt, 702.78308pt, 56.9055pt)
* \paperwidth=597.50787pt
* \paperheight=845.04684pt
* \textwidth=483.69687pt
* \textheight=702.78308pt
* \oddsidemargin=-15.36449pt
* \evensidemargin=-15.36449pt
* \topmargin=-23.91173pt
* \headheight=12.0pt
* \headsep=25.0pt
* \topskip=10.0pt
* \footskip=30.0pt
* \marginparwidth=57.0pt
* \marginparsep=11.0pt
* \columnsep=10.0pt
* \skip\footins=9.0pt plus 4.0pt minus 2.0pt
* \hoffset=0.0pt
* \voffset=0.0pt
* \mag=1000
* \@twocolumnfalse
* \@twosidefalse
* \@mparswitchfalse
* \@reversemarginfalse
* (1in=72.27pt=25.4mm, 1cm=28.453pt)

\AtBeginShipoutBox=\box94
Package hyperref Info: Link coloring ON on input line 93.
("C:\Users\ITA\AppData\Local\Programs\MiKTeX 2.9\tex\latex\hyperref\nameref.sty
"
Package: nameref 2016/05/21 v2.44 Cross-referencing by name of section

("C:\Users\ITA\AppData\Local\Programs\MiKTeX 2.9\tex\generic\oberdiek\gettitles
tring.sty"
Package: gettitlestring 2016/05/16 v1.5 Cleanup title references (HO)
)
\c@section@level=\count291
)
LaTeX Info: Redefining \ref on input line 93.
LaTeX Info: Redefining \pageref on input line 93.
LaTeX Info: Redefining \nameref on input line 93.
 (Pairs_Trading_WAIAF.out) (Pairs_Trading_WAIAF.out)
\@outlinefile=\write6
\openout6 = `Pairs_Trading_WAIAF.out'.

\c@lstlisting=\count292
LaTeX Font Info:    Try loading font information for OT1+lmr on input line 99.

("C:\Users\ITA\AppData\Local\Programs\MiKTeX 2.9\tex\latex\lm\ot1lmr.fd"
File: ot1lmr.fd 2009/10/30 v1.6 Font defs for Latin Modern
)
LaTeX Font Info:    Try loading font information for OML+lmm on input line 99.

("C:\Users\ITA\AppData\Local\Programs\MiKTeX 2.9\tex\latex\lm\omllmm.fd"
File: omllmm.fd 2009/10/30 v1.6 Font defs for Latin Modern
)
LaTeX Font Info:    Try loading font information for OMS+lmsy on input line 99.


("C:\Users\ITA\AppData\Local\Programs\MiKTeX 2.9\tex\latex\lm\omslmsy.fd"
File: omslmsy.fd 2009/10/30 v1.6 Font defs for Latin Modern
)
LaTeX Font Info:    Try loading font information for OMX+lmex on input line 99.


("C:\Users\ITA\AppData\Local\Programs\MiKTeX 2.9\tex\latex\lm\omxlmex.fd"
File: omxlmex.fd 2009/10/30 v1.6 Font defs for Latin Modern
)
LaTeX Font Info:    External font `lmex10' loaded for size
(Font)              <10> on input line 99.
LaTeX Font Info:    External font `lmex10' loaded for size
(Font)              <7> on input line 99.
LaTeX Font Info:    External font `lmex10' loaded for size
(Font)              <5> on input line 99.
LaTeX Font Info:    Try loading font information for U+msa on input line 99.

("C:\Users\ITA\AppData\Local\Programs\MiKTeX 2.9\tex\latex\amsfonts\umsa.fd"
File: umsa.fd 2013/01/14 v3.01 AMS symbols A
)
LaTeX Font Info:    Try loading font information for U+msb on input line 99.

("C:\Users\ITA\AppData\Local\Programs\MiKTeX 2.9\tex\latex\amsfonts\umsb.fd"
File: umsb.fd 2013/01/14 v3.01 AMS symbols B
)
LaTeX Font Info:    Try loading font information for U+lasy on input line 99.

("C:\Users\ITA\AppData\Local\Programs\MiKTeX 2.9\tex\latex\base\ulasy.fd"
File: ulasy.fd 1998/08/17 v2.2e LaTeX symbol font definitions
)
[1

{C:/Users/ITA/AppData/Local/MiKTeX/2.9/pdftex/config/pdftex.map}]
LaTeX Font Info:    External font `lmex10' loaded for size
(Font)              <12> on input line 104.
LaTeX Font Info:    External font `lmex10' loaded for size
(Font)              <8> on input line 104.
LaTeX Font Info:    External font `lmex10' loaded for size
(Font)              <6> on input line 104.
LaTeX Font Info:    Try loading font information for OMS+lmr on input line 104.


("C:\Users\ITA\AppData\Local\Programs\MiKTeX 2.9\tex\latex\lm\omslmr.fd"
File: omslmr.fd 2009/10/30 v1.6 Font defs for Latin Modern
)
LaTeX Font Info:    Font shape `OMS/lmr/m/n' in size <8> not available
(Font)              Font shape `OMS/lmsy/m/n' tried instead on input line 104.
LaTeX Font Info:    Font shape `OMS/lmr/m/n' in size <6> not available
(Font)              Font shape `OMS/lmsy/m/n' tried instead on input line 104.
LaTeX Font Info:    Try loading font information for T1+lmtt on input line 104.


("C:\Users\ITA\AppData\Local\Programs\MiKTeX 2.9\tex\latex\lm\t1lmtt.fd"
File: t1lmtt.fd 2009/10/30 v1.6 Font defs for Latin Modern
)
Underfull \hbox (badness 10000) in paragraph at lines 104--104
[][]\T1/lmtt/m/n/8 Department of Statistics, Federal University of Rio Grande d
o Sul, Porto Alegre, RS 91509-900, Brazil, e-mail:
 []


Underfull \hbox (badness 10000) in paragraph at lines 104--104
[][]\T1/lmtt/m/n/8 Division of Computer Science, Brazilian Air Force, Technolog
ical Institute of Aeronautics (ITA), So Jos dos
 []

[2]
\openout2 = `Introduction.aux'.

 (Introduction.tex

Package natbib Warning: Citation `elliott2005' on page 3 undefined on input lin
e 7.


Package natbib Warning: Citation `do2006' on page 3 undefined on input line 7.


Package natbib Warning: Citation `avellaneda2010' on page 3 undefined on input 
line 7.


Package natbib Warning: Citation `bogomolov2013' on page 3 undefined on input l
ine 7.


Package natbib Warning: Citation `stubinger2016' on page 3 undefined on input l
ine 7.


Package natbib Warning: Citation `liu2017' on page 3 undefined on input line 7.



Package natbib Warning: Citation `stubinger2018' on page 3 undefined on input l
ine 7.

[3

] [4]) [5]
\openout2 = `Methodology.aux'.

 (Methodology.tex

Package natbib Warning: Citation `Sutton:1998' on page 6 undefined on input lin
e 28.


Package natbib Warning: Citation `Russell:2010' on page 6 undefined on input li
ne 28.

[6


]

Package natbib Warning: Citation `Sutton:1998' on page 7 undefined on input lin
e 49.

LaTeX Font Info:    Font shape `OMS/lmr/m/n' in size <10> not available
(Font)              Font shape `OMS/lmsy/m/n' tried instead on input line 52.

Package natbib Warning: Citation `Wu:2013' on page 7 undefined on input line 57
.


Package natbib Warning: Citation `Narendra:1989' on page 7 undefined on input l
ine 59.


Package natbib Warning: Citation `Narendra:1989' on page 7 undefined on input l
ine 73.

) [7]
\openout2 = `Model.aux'.

 (Model.tex

Package natbib Warning: Citation `Brandt2007' on page 8 undefined on input line
 3.


LaTeX Warning: Reference `methodology' on page 8 undefined on input line 31.

LaTeX Font Info:    External font `lmex10' loaded for size
(Font)              <9> on input line 48.
) [8


] [9]
\openout2 = `Results.aux'.

 (Results.tex

Package natbib Warning: Citation `avellaneda2010' on page 10 undefined on input
 line 22.


Package natbib Warning: Citation `stubinger2016' on page 10 undefined on input 
line 22.


Package natbib Warning: Citation `liu2017' on page 10 undefined on input line 2
2.


Package natbib Warning: Citation `stubinger2018' on page 10 undefined on input 
line 22.

[10


]
Package epstopdf Info: Source file: <Figure1.eps>
(epstopdf)                    date: 2018-04-14 23:36:18
(epstopdf)                    size: 17419 bytes
(epstopdf)             Output file: <Figure1-eps-converted-to.pdf>
(epstopdf)                    date: 2018-07-12 08:48:45
(epstopdf)                    size: 6254 bytes
(epstopdf)             Command: <epstopdf --outfile=Figure1-eps-converted-to.pd
f Figure1.eps>
(epstopdf)             \includegraphics on input line 41.
Package epstopdf Info: Output file is already uptodate.
<Figure1-eps-converted-to.pdf, id=296, 1027.84pt x 490.83376pt>
File: Figure1-eps-converted-to.pdf Graphic file (type pdf)
<use Figure1-eps-converted-to.pdf>
Package pdftex.def Info: Figure1-eps-converted-to.pdf  used on input line 41.
(pdftex.def)             Requested size: 483.69687pt x 230.98398pt.
Package epstopdf Info: Source file: <Figure2.eps>
(epstopdf)                    date: 2018-04-14 23:37:20
(epstopdf)                    size: 16598 bytes
(epstopdf)             Output file: <Figure2-eps-converted-to.pdf>
(epstopdf)                    date: 2018-07-12 08:48:48
(epstopdf)                    size: 6018 bytes
(epstopdf)             Command: <epstopdf --outfile=Figure2-eps-converted-to.pd
f Figure2.eps>
(epstopdf)             \includegraphics on input line 57.
Package epstopdf Info: Output file is already uptodate.
<Figure2-eps-converted-to.pdf, id=297, 1027.84pt x 490.83376pt>
File: Figure2-eps-converted-to.pdf Graphic file (type pdf)
<use Figure2-eps-converted-to.pdf>
Package pdftex.def Info: Figure2-eps-converted-to.pdf  used on input line 57.
(pdftex.def)             Requested size: 483.69687pt x 230.98398pt.
 [11 <./Figure1-eps-converted-to.pdf>] [12 <./Figure2-eps-converted-to.pdf>] [1
3]
Package epstopdf Info: Source file: <Figure3.eps>
(epstopdf)                    date: 2018-04-15 02:04:20
(epstopdf)                    size: 219014 bytes
(epstopdf)             Output file: <Figure3-eps-converted-to.pdf>
(epstopdf)                    date: 2018-07-12 08:48:52
(epstopdf)                    size: 127610 bytes
(epstopdf)             Command: <epstopdf --outfile=Figure3-eps-converted-to.pd
f Figure3.eps>
(epstopdf)             \includegraphics on input line 157.
Package epstopdf Info: Output file is already uptodate.
<Figure3-eps-converted-to.pdf, id=338, 421.575pt x 483.8075pt>
File: Figure3-eps-converted-to.pdf Graphic file (type pdf)
<use Figure3-eps-converted-to.pdf>
Package pdftex.def Info: Figure3-eps-converted-to.pdf  used on input line 157.
(pdftex.def)             Requested size: 483.69687pt x 555.11194pt.
Package epstopdf Info: Source file: <Figure4.eps>
(epstopdf)                    date: 2018-04-15 02:07:56
(epstopdf)                    size: 271346 bytes
(epstopdf)             Output file: <Figure4-eps-converted-to.pdf>
(epstopdf)                    date: 2018-07-12 08:48:56
(epstopdf)                    size: 175819 bytes
(epstopdf)             Command: <epstopdf --outfile=Figure4-eps-converted-to.pd
f Figure4.eps>
(epstopdf)             \includegraphics on input line 175.
Package epstopdf Info: Output file is already uptodate.
<Figure4-eps-converted-to.pdf, id=340, 420.57124pt x 483.8075pt>
File: Figure4-eps-converted-to.pdf Graphic file (type pdf)
<use Figure4-eps-converted-to.pdf>
Package pdftex.def Info: Figure4-eps-converted-to.pdf  used on input line 175.
(pdftex.def)             Requested size: 483.69687pt x 556.43336pt.
Package epstopdf Info: Source file: <Figure5.eps>
(epstopdf)                    date: 2018-01-28 16:25:10
(epstopdf)                    size: 215463 bytes
(epstopdf)             Output file: <Figure5-eps-converted-to.pdf>
(epstopdf)                    date: 2018-07-12 08:48:59
(epstopdf)                    size: 75918 bytes
(epstopdf)             Command: <epstopdf --outfile=Figure5-eps-converted-to.pd
f Figure5.eps>
(epstopdf)             \includegraphics on input line 191.
Package epstopdf Info: Output file is already uptodate.
<Figure5-eps-converted-to.pdf, id=345, 505.89pt x 505.89pt>
File: Figure5-eps-converted-to.pdf Graphic file (type pdf)
<use Figure5-eps-converted-to.pdf>
Package pdftex.def Info: Figure5-eps-converted-to.pdf  used on input line 191.
(pdftex.def)             Requested size: 483.69687pt x 483.70361pt.
 [14] [15 <./Figure3-eps-converted-to.pdf>] [16 <./Figure4-eps-converted-to.pdf
>] [17 <./Figure5-eps-converted-to.pdf>]
Overfull \hbox (1.63884pt too wide) in paragraph at lines 285--285
[]|\T1/lmr/m/n/7 Distance| 
 []


Underfull \hbox (badness 10000) in paragraph at lines 285--285
[]|\T1/lmr/m/n/7 Mixed
 []

[18] [19] [20]
Package epstopdf Info: Source file: <Figure6.eps>
(epstopdf)                    date: 2018-01-28 16:25:10
(epstopdf)                    size: 23260 bytes
(epstopdf)             Output file: <Figure6-eps-converted-to.pdf>
(epstopdf)                    date: 2018-07-12 08:49:01
(epstopdf)                    size: 7053 bytes
(epstopdf)             Command: <epstopdf --outfile=Figure6-eps-converted-to.pd
f Figure6.eps>
(epstopdf)             \includegraphics on input line 374.
Package epstopdf Info: Output file is already uptodate.
<Figure6-eps-converted-to.pdf, id=456, 511.9125pt x 483.8075pt>
File: Figure6-eps-converted-to.pdf Graphic file (type pdf)
<use Figure6-eps-converted-to.pdf>
Package pdftex.def Info: Figure6-eps-converted-to.pdf  used on input line 374.
(pdftex.def)             Requested size: 483.69687pt x 457.14145pt.
Package epstopdf Info: Source file: <Figure7.eps>
(epstopdf)                    date: 2018-01-28 16:25:10
(epstopdf)                    size: 23734 bytes
(epstopdf)             Output file: <Figure7-eps-converted-to.pdf>
(epstopdf)                    date: 2018-07-12 08:49:03
(epstopdf)                    size: 7133 bytes
(epstopdf)             Command: <epstopdf --outfile=Figure7-eps-converted-to.pd
f Figure7.eps>
(epstopdf)             \includegraphics on input line 385.
Package epstopdf Info: Output file is already uptodate.
<Figure7-eps-converted-to.pdf, id=457, 511.9125pt x 483.8075pt>
File: Figure7-eps-converted-to.pdf Graphic file (type pdf)
<use Figure7-eps-converted-to.pdf>
Package pdftex.def Info: Figure7-eps-converted-to.pdf  used on input line 385.
(pdftex.def)             Requested size: 483.69687pt x 457.14145pt.
) [21] [22 <./Figure6-eps-converted-to.pdf>] [23 <./Figure7-eps-converted-to.pd
f>]
\openout2 = `Conclusion.aux'.

 (Conclusion.tex [24


])
\openout2 = `Appendix.aux'.

 (Appendix.tex [25


])
(Pairs_Trading_WAIAF.bbl [26

])

Package natbib Warning: There were undefined citations.

[27]
Package atveryend Info: Empty hook `BeforeClearDocument' on input line 137.
Package atveryend Info: Empty hook `AfterLastShipout' on input line 137.
 (Pairs_Trading_WAIAF.aux (Introduction.aux) (Methodology.aux) (Model.aux)
(Results.aux) (Conclusion.aux) (Appendix.aux))
Package atveryend Info: Executing hook `AtVeryEndDocument' on input line 137.
Package atveryend Info: Executing hook `AtEndAfterFileList' on input line 137.
Package rerunfilecheck Info: File `Pairs_Trading_WAIAF.out' has not changed.
(rerunfilecheck)             Checksum: 654A0DA7C3A9FF5848717B824357FA38;851.


LaTeX Warning: There were undefined references.

Package atveryend Info: Empty hook `AtVeryVeryEnd' on input line 137.
 ) 
Here is how much of TeX's memory you used:
 37416 strings out of 492973
 867553 string characters out of 3127578
 1159911 words of memory out of 3000000
 40337 multiletter control sequences out of 15000+200000
 88498 words of font info for 76 fonts, out of 3000000 for 9000
 1141 hyphenation exceptions out of 8191
 78i,12n,136p,2057b,822s stack positions out of 5000i,500n,10000p,200000b,50000s
pdfTeX warning (dest): name{Hfootnote.1} has been referenced but does not exi
st, replaced by a fixed one

{C:/Users/ITA/AppData/Local/Programs/MiKTeX 2.9/fonts/enc/dvips/lm/lm-ec.enc}{C
:/Users/ITA/AppData/Local/Programs/MiKTeX 2.9/fonts/enc/dvips/lm/lm-rm.enc}{C:/
Users/ITA/AppData/Local/Programs/MiKTeX 2.9/fonts/enc/dvips/lm/lm-mathit.enc}{C
:/Users/ITA/AppData/Local/Programs/MiKTeX 2.9/fonts/enc/dvips/lm/lm-mathsy.enc}
{C:/Users/ITA/AppData/Local/Programs/MiKTeX 2.9/fonts/enc/dvips/lm/lm-mathex.en
c}<C:/Users/ITA/AppData/Local/Programs/MiKTeX 2.9/fonts/type1/public/lm/lmbx10.
pfb><C:/Users/ITA/AppData/Local/Programs/MiKTeX 2.9/fonts/type1/public/lm/lmbx1
2.pfb><C:/Users/ITA/AppData/Local/Programs/MiKTeX 2.9/fonts/type1/public/lm/lmb
x7.pfb><C:/Users/ITA/AppData/Local/Programs/MiKTeX 2.9/fonts/type1/public/lm/lm
bx9.pfb><C:/Users/ITA/AppData/Local/Programs/MiKTeX 2.9/fonts/type1/public/lm/l
mex10.pfb><C:/Users/ITA/AppData/Local/Programs/MiKTeX 2.9/fonts/type1/public/lm
/lmmi10.pfb><C:/Users/ITA/AppData/Local/Programs/MiKTeX 2.9/fonts/type1/public/
lm/lmmi5.pfb><C:/Users/ITA/AppData/Local/Programs/MiKTeX 2.9/fonts/type1/public
/lm/lmmi6.pfb><C:/Users/ITA/AppData/Local/Programs/MiKTeX 2.9/fonts/type1/publi
c/lm/lmmi7.pfb><C:/Users/ITA/AppData/Local/Programs/MiKTeX 2.9/fonts/type1/publ
ic/lm/lmmi9.pfb><C:/Users/ITA/AppData/Local/Programs/MiKTeX 2.9/fonts/type1/pub
lic/lm/lmr10.pfb><C:/Users/ITA/AppData/Local/Programs/MiKTeX 2.9/fonts/type1/pu
blic/lm/lmr12.pfb><C:/Users/ITA/AppData/Local/Programs/MiKTeX 2.9/fonts/type1/p
ublic/lm/lmr17.pfb><C:/Users/ITA/AppData/Local/Programs/MiKTeX 2.9/fonts/type1/
public/lm/lmr5.pfb><C:/Users/ITA/AppData/Local/Programs/MiKTeX 2.9/fonts/type1/
public/lm/lmr6.pfb><C:/Users/ITA/AppData/Local/Programs/MiKTeX 2.9/fonts/type1/
public/lm/lmr7.pfb><C:/Users/ITA/AppData/Local/Programs/MiKTeX 2.9/fonts/type1/
public/lm/lmr8.pfb><C:/Users/ITA/AppData/Local/Programs/MiKTeX 2.9/fonts/type1/
public/lm/lmr9.pfb><C:/Users/ITA/AppData/Local/Programs/MiKTeX 2.9/fonts/type1/
public/lm/lmri10.pfb><C:/Users/ITA/AppData/Local/Programs/MiKTeX 2.9/fonts/type
1/public/lm/lmri7.pfb><C:/Users/ITA/AppData/Local/Programs/MiKTeX 2.9/fonts/typ
e1/public/lm/lmsy10.pfb><C:/Users/ITA/AppData/Local/Programs/MiKTeX 2.9/fonts/t
ype1/public/lm/lmsy5.pfb><C:/Users/ITA/AppData/Local/Programs/MiKTeX 2.9/fonts/
type1/public/lm/lmsy6.pfb><C:/Users/ITA/AppData/Local/Programs/MiKTeX 2.9/fonts
/type1/public/lm/lmsy7.pfb><C:/Users/ITA/AppData/Local/Programs/MiKTeX 2.9/font
s/type1/public/lm/lmsy8.pfb><C:/Users/ITA/AppData/Local/Programs/MiKTeX 2.9/fon
ts/type1/public/lm/lmsy9.pfb><C:/Users/ITA/AppData/Local/Programs/MiKTeX 2.9/fo
nts/type1/public/lm/lmtt8.pfb><C:/Users/ITA/AppData/Local/Programs/MiKTeX 2.9/f
onts/type1/public/amsfonts/symbols/msbm10.pfb><C:/Users/ITA/AppData/Local/Progr
ams/MiKTeX 2.9/fonts/type1/public/amsfonts/symbols/msbm7.pfb>
Output written on Pairs_Trading_WAIAF.pdf (27 pages, 1021594 bytes).
PDF statistics:
 642 PDF objects out of 1000 (max. 8388607)
 122 named destinations out of 1000 (max. 500000)
 152 words of extra memory for PDF output out of 10000 (max. 10000000)

